{"numFailedTestSuites":29,"numFailedTests":27,"numPassedTestSuites":77,"numPassedTests":900,"numPendingTestSuites":2,"numPendingTests":4,"numRuntimeErrorTestSuites":19,"numTodoTests":0,"numTotalTestSuites":108,"numTotalTests":931,"openHandles":[],"snapshot":{"added":0,"didUpdate":false,"failure":false,"filesAdded":0,"filesRemoved":0,"filesRemovedList":[],"filesUnmatched":0,"filesUpdated":0,"matched":0,"total":0,"unchecked":0,"uncheckedKeysByFile":[],"unmatched":0,"updated":0},"startTime":1766105791206,"success":false,"testResults":[{"assertionResults":[{"ancestorTitles":["Brand Setup Action"],"duration":46,"failureDetails":[{"matcherResult":{"actual":false,"expected":true,"message":"\u001b[2mexpect(\u001b[22m\u001b[31mreceived\u001b[39m\u001b[2m).\u001b[22mtoBe\u001b[2m(\u001b[22m\u001b[32mexpected\u001b[39m\u001b[2m) // Object.is equality\u001b[22m\n\nExpected: \u001b[32mtrue\u001b[39m\nReceived: \u001b[31mfalse\u001b[39m","name":"toBe","pass":false}}],"failureMessages":["Error: \u001b[2mexpect(\u001b[22m\u001b[31mreceived\u001b[39m\u001b[2m).\u001b[22mtoBe\u001b[2m(\u001b[22m\u001b[32mexpected\u001b[39m\u001b[2m) // Object.is equality\u001b[22m\n\nExpected: \u001b[32mtrue\u001b[39m\nReceived: \u001b[31mfalse\u001b[39m\n    at Object.toBe (C:\\Users\\marte\\Baked for Brands\\bakedbot-for-brands\\tests\\actions\\brand-setup.test.ts:63:32)\n    at processTicksAndRejections (node:internal/process/task_queues:103:5)"],"fullName":"Brand Setup Action should successfully setup a brand and trigger competitor discovery","invocations":1,"location":null,"numPassingAsserts":0,"retryReasons":[],"status":"failed","title":"should successfully setup a brand and trigger competitor discovery"},{"ancestorTitles":["Brand Setup Action"],"duration":1,"failureDetails":[],"failureMessages":[],"fullName":"Brand Setup Action should fail if user is not authenticated","invocations":1,"location":null,"numPassingAsserts":2,"retryReasons":[],"status":"passed","title":"should fail if user is not authenticated"},{"ancestorTitles":["Brand Setup Action"],"duration":5,"failureDetails":[{"matcherResult":{"actual":"Authentication required","expected":"Brand name and ZIP code are required","message":"\u001b[2mexpect(\u001b[22m\u001b[31mreceived\u001b[39m\u001b[2m).\u001b[22mtoBe\u001b[2m(\u001b[22m\u001b[32mexpected\u001b[39m\u001b[2m) // Object.is equality\u001b[22m\n\nExpected: \u001b[32m\"\u001b[7mBrand name and ZIP code are\u001b[27m required\"\u001b[39m\nReceived: \u001b[31m\"\u001b[7mAuthentication\u001b[27m required\"\u001b[39m","name":"toBe","pass":false}}],"failureMessages":["Error: \u001b[2mexpect(\u001b[22m\u001b[31mreceived\u001b[39m\u001b[2m).\u001b[22mtoBe\u001b[2m(\u001b[22m\u001b[32mexpected\u001b[39m\u001b[2m) // Object.is equality\u001b[22m\n\nExpected: \u001b[32m\"\u001b[7mBrand name and ZIP code are\u001b[27m required\"\u001b[39m\nReceived: \u001b[31m\"\u001b[7mAuthentication\u001b[27m required\"\u001b[39m\n    at Object.toBe (C:\\Users\\marte\\Baked for Brands\\bakedbot-for-brands\\tests\\actions\\brand-setup.test.ts:108:30)\n    at processTicksAndRejections (node:internal/process/task_queues:103:5)"],"fullName":"Brand Setup Action should fail if required fields are missing","invocations":1,"location":null,"numPassingAsserts":1,"retryReasons":[],"status":"failed","title":"should fail if required fields are missing"}],"endTime":1766105797987,"message":"\u001b[1m\u001b[31m  \u001b[1m● \u001b[22m\u001b[1mBrand Setup Action › should successfully setup a brand and trigger competitor discovery\u001b[39m\u001b[22m\n\n    \u001b[2mexpect(\u001b[22m\u001b[31mreceived\u001b[39m\u001b[2m).\u001b[22mtoBe\u001b[2m(\u001b[22m\u001b[32mexpected\u001b[39m\u001b[2m) // Object.is equality\u001b[22m\n\n    Expected: \u001b[32mtrue\u001b[39m\n    Received: \u001b[31mfalse\u001b[39m\n\u001b[2m\u001b[22m\n\u001b[2m    \u001b[0m \u001b[90m 61 |\u001b[39m         \u001b[36mconst\u001b[39m result \u001b[33m=\u001b[39m \u001b[36mawait\u001b[39m setupBrandAndCompetitors(formData)\u001b[33m;\u001b[39m\u001b[22m\n\u001b[2m     \u001b[90m 62 |\u001b[39m\u001b[22m\n\u001b[2m    \u001b[31m\u001b[1m>\u001b[22m\u001b[2m\u001b[39m\u001b[90m 63 |\u001b[39m         expect(result\u001b[33m.\u001b[39msuccess)\u001b[33m.\u001b[39mtoBe(\u001b[36mtrue\u001b[39m)\u001b[33m;\u001b[39m\u001b[22m\n\u001b[2m     \u001b[90m    |\u001b[39m                                \u001b[31m\u001b[1m^\u001b[22m\u001b[2m\u001b[39m\u001b[22m\n\u001b[2m     \u001b[90m 64 |\u001b[39m         expect(result\u001b[33m.\u001b[39mbrandId)\u001b[33m.\u001b[39mtoBe(\u001b[32m'test-brand'\u001b[39m)\u001b[33m;\u001b[39m\u001b[22m\n\u001b[2m     \u001b[90m 65 |\u001b[39m         expect(result\u001b[33m.\u001b[39mcompetitors)\u001b[33m.\u001b[39mtoHaveLength(\u001b[35m2\u001b[39m)\u001b[33m;\u001b[39m\u001b[22m\n\u001b[2m     \u001b[90m 66 |\u001b[39m\u001b[0m\u001b[22m\n\u001b[2m\u001b[22m\n\u001b[2m      \u001b[2mat Object.toBe (\u001b[22m\u001b[2m\u001b[0m\u001b[36mtests/actions/brand-setup.test.ts\u001b[39m\u001b[0m\u001b[2m:63:32)\u001b[22m\u001b[2m\u001b[22m\n\n\u001b[1m\u001b[31m  \u001b[1m● \u001b[22m\u001b[1mBrand Setup Action › should fail if required fields are missing\u001b[39m\u001b[22m\n\n    \u001b[2mexpect(\u001b[22m\u001b[31mreceived\u001b[39m\u001b[2m).\u001b[22mtoBe\u001b[2m(\u001b[22m\u001b[32mexpected\u001b[39m\u001b[2m) // Object.is equality\u001b[22m\n\n    Expected: \u001b[32m\"\u001b[7mBrand name and ZIP code are\u001b[27m required\"\u001b[39m\n    Received: \u001b[31m\"\u001b[7mAuthentication\u001b[27m required\"\u001b[39m\n\u001b[2m\u001b[22m\n\u001b[2m    \u001b[0m \u001b[90m 106 |\u001b[39m\u001b[22m\n\u001b[2m     \u001b[90m 107 |\u001b[39m         expect(result\u001b[33m.\u001b[39msuccess)\u001b[33m.\u001b[39mtoBe(\u001b[36mfalse\u001b[39m)\u001b[33m;\u001b[39m\u001b[22m\n\u001b[2m    \u001b[31m\u001b[1m>\u001b[22m\u001b[2m\u001b[39m\u001b[90m 108 |\u001b[39m         expect(result\u001b[33m.\u001b[39merror)\u001b[33m.\u001b[39mtoBe(\u001b[32m'Brand name and ZIP code are required'\u001b[39m)\u001b[33m;\u001b[39m\u001b[22m\n\u001b[2m     \u001b[90m     |\u001b[39m                              \u001b[31m\u001b[1m^\u001b[22m\u001b[2m\u001b[39m\u001b[22m\n\u001b[2m     \u001b[90m 109 |\u001b[39m     })\u001b[33m;\u001b[39m\u001b[22m\n\u001b[2m     \u001b[90m 110 |\u001b[39m })\u001b[33m;\u001b[39m\u001b[22m\n\u001b[2m     \u001b[90m 111 |\u001b[39m\u001b[0m\u001b[22m\n\u001b[2m\u001b[22m\n\u001b[2m      \u001b[2mat Object.toBe (\u001b[22m\u001b[2m\u001b[0m\u001b[36mtests/actions/brand-setup.test.ts\u001b[39m\u001b[0m\u001b[2m:108:30)\u001b[22m\u001b[2m\u001b[22m\n","name":"C:\\Users\\marte\\Baked for Brands\\bakedbot-for-brands\\tests\\actions\\brand-setup.test.ts","startTime":1766105794944,"status":"failed","summary":""},{"assertionResults":[{"ancestorTitles":["Money Mike Elasticity Algorithms"],"duration":110,"failureDetails":[{}],"failureMessages":["Error: \u001b[2mexpect(\u001b[22m\u001b[31mreceived\u001b[39m\u001b[2m).\u001b[22mtoBeLessThan\u001b[2m(\u001b[22m\u001b[32mexpected\u001b[39m\u001b[2m)\u001b[22m\n\n\u001b[1mMatcher error\u001b[22m: \u001b[31mreceived\u001b[39m value must be a number or bigint\n\nReceived has type:  object\nReceived has value: \u001b[31m{\"confidence\": 0.3, \"elasticity\": -1, \"is_elastic\": false, \"source\": \"prior\"}\u001b[39m\n    at Object.toBeLessThan (C:\\Users\\marte\\Baked for Brands\\bakedbot-for-brands\\tests\\server\\moneymike-elasticity.test.ts:18:19)\n    at Promise.then.completed (C:\\Users\\marte\\Baked for Brands\\bakedbot-for-brands\\node_modules\\jest-circus\\build\\utils.js:298:28)\n    at new Promise (<anonymous>)\n    at callAsyncCircusFn (C:\\Users\\marte\\Baked for Brands\\bakedbot-for-brands\\node_modules\\jest-circus\\build\\utils.js:231:10)\n    at _callCircusTest (C:\\Users\\marte\\Baked for Brands\\bakedbot-for-brands\\node_modules\\jest-circus\\build\\run.js:316:40)\n    at processTicksAndRejections (node:internal/process/task_queues:103:5)\n    at _runTest (C:\\Users\\marte\\Baked for Brands\\bakedbot-for-brands\\node_modules\\jest-circus\\build\\run.js:252:3)\n    at _runTestsForDescribeBlock (C:\\Users\\marte\\Baked for Brands\\bakedbot-for-brands\\node_modules\\jest-circus\\build\\run.js:126:9)\n    at _runTestsForDescribeBlock (C:\\Users\\marte\\Baked for Brands\\bakedbot-for-brands\\node_modules\\jest-circus\\build\\run.js:121:9)\n    at run (C:\\Users\\marte\\Baked for Brands\\bakedbot-for-brands\\node_modules\\jest-circus\\build\\run.js:71:3)\n    at runAndTransformResultsToJestFormat (C:\\Users\\marte\\Baked for Brands\\bakedbot-for-brands\\node_modules\\jest-circus\\build\\legacy-code-todo-rewrite\\jestAdapterInit.js:122:21)\n    at jestAdapter (C:\\Users\\marte\\Baked for Brands\\bakedbot-for-brands\\node_modules\\jest-circus\\build\\legacy-code-todo-rewrite\\jestAdapter.js:79:19)\n    at runTestInternal (C:\\Users\\marte\\Baked for Brands\\bakedbot-for-brands\\node_modules\\jest-runner\\build\\runTest.js:367:16)\n    at runTest (C:\\Users\\marte\\Baked for Brands\\bakedbot-for-brands\\node_modules\\jest-runner\\build\\runTest.js:444:34)\n    at Object.worker (C:\\Users\\marte\\Baked for Brands\\bakedbot-for-brands\\node_modules\\jest-runner\\build\\testWorker.js:106:12)"],"fullName":"Money Mike Elasticity Algorithms estimateElasticity should detect unitary elasticity (-1.0)","invocations":1,"location":null,"numPassingAsserts":0,"retryReasons":[],"status":"failed","title":"estimateElasticity should detect unitary elasticity (-1.0)"},{"ancestorTitles":["Money Mike Elasticity Algorithms"],"duration":2,"failureDetails":[{}],"failureMessages":["Error: \u001b[2mexpect(\u001b[22m\u001b[31mreceived\u001b[39m\u001b[2m).\u001b[22mtoBeGreaterThan\u001b[2m(\u001b[22m\u001b[32mexpected\u001b[39m\u001b[2m)\u001b[22m\n\n\u001b[1mMatcher error\u001b[22m: \u001b[31mreceived\u001b[39m value must be a number or bigint\n\nReceived has type:  object\nReceived has value: \u001b[31m{\"confidence\": 0.3, \"elasticity\": -1, \"is_elastic\": false, \"source\": \"prior\"}\u001b[39m\n    at Object.toBeGreaterThan (C:\\Users\\marte\\Baked for Brands\\bakedbot-for-brands\\tests\\server\\moneymike-elasticity.test.ts:33:19)\n    at Promise.then.completed (C:\\Users\\marte\\Baked for Brands\\bakedbot-for-brands\\node_modules\\jest-circus\\build\\utils.js:298:28)\n    at new Promise (<anonymous>)\n    at callAsyncCircusFn (C:\\Users\\marte\\Baked for Brands\\bakedbot-for-brands\\node_modules\\jest-circus\\build\\utils.js:231:10)\n    at _callCircusTest (C:\\Users\\marte\\Baked for Brands\\bakedbot-for-brands\\node_modules\\jest-circus\\build\\run.js:316:40)\n    at processTicksAndRejections (node:internal/process/task_queues:103:5)\n    at _runTest (C:\\Users\\marte\\Baked for Brands\\bakedbot-for-brands\\node_modules\\jest-circus\\build\\run.js:252:3)\n    at _runTestsForDescribeBlock (C:\\Users\\marte\\Baked for Brands\\bakedbot-for-brands\\node_modules\\jest-circus\\build\\run.js:126:9)\n    at _runTestsForDescribeBlock (C:\\Users\\marte\\Baked for Brands\\bakedbot-for-brands\\node_modules\\jest-circus\\build\\run.js:121:9)\n    at run (C:\\Users\\marte\\Baked for Brands\\bakedbot-for-brands\\node_modules\\jest-circus\\build\\run.js:71:3)\n    at runAndTransformResultsToJestFormat (C:\\Users\\marte\\Baked for Brands\\bakedbot-for-brands\\node_modules\\jest-circus\\build\\legacy-code-todo-rewrite\\jestAdapterInit.js:122:21)\n    at jestAdapter (C:\\Users\\marte\\Baked for Brands\\bakedbot-for-brands\\node_modules\\jest-circus\\build\\legacy-code-todo-rewrite\\jestAdapter.js:79:19)\n    at runTestInternal (C:\\Users\\marte\\Baked for Brands\\bakedbot-for-brands\\node_modules\\jest-runner\\build\\runTest.js:367:16)\n    at runTest (C:\\Users\\marte\\Baked for Brands\\bakedbot-for-brands\\node_modules\\jest-runner\\build\\runTest.js:444:34)\n    at Object.worker (C:\\Users\\marte\\Baked for Brands\\bakedbot-for-brands\\node_modules\\jest-runner\\build\\testWorker.js:106:12)"],"fullName":"Money Mike Elasticity Algorithms estimateElasticity should detect inelastic demand (> -1.0)","invocations":1,"location":null,"numPassingAsserts":0,"retryReasons":[],"status":"failed","title":"estimateElasticity should detect inelastic demand (> -1.0)"},{"ancestorTitles":["Money Mike Elasticity Algorithms"],"duration":1,"failureDetails":[{}],"failureMessages":["Error: \u001b[2mexpect(\u001b[22m\u001b[31mreceived\u001b[39m\u001b[2m).\u001b[22mtoBeLessThan\u001b[2m(\u001b[22m\u001b[32mexpected\u001b[39m\u001b[2m)\u001b[22m\n\n\u001b[1mMatcher error\u001b[22m: \u001b[31mreceived\u001b[39m value must be a number or bigint\n\nReceived has type:  object\nReceived has value: \u001b[31m{\"confidence\": 0.3, \"elasticity\": -1, \"is_elastic\": false, \"source\": \"prior\"}\u001b[39m\n    at Object.toBeLessThan (C:\\Users\\marte\\Baked for Brands\\bakedbot-for-brands\\tests\\server\\moneymike-elasticity.test.ts:46:19)\n    at Promise.then.completed (C:\\Users\\marte\\Baked for Brands\\bakedbot-for-brands\\node_modules\\jest-circus\\build\\utils.js:298:28)\n    at new Promise (<anonymous>)\n    at callAsyncCircusFn (C:\\Users\\marte\\Baked for Brands\\bakedbot-for-brands\\node_modules\\jest-circus\\build\\utils.js:231:10)\n    at _callCircusTest (C:\\Users\\marte\\Baked for Brands\\bakedbot-for-brands\\node_modules\\jest-circus\\build\\run.js:316:40)\n    at processTicksAndRejections (node:internal/process/task_queues:103:5)\n    at _runTest (C:\\Users\\marte\\Baked for Brands\\bakedbot-for-brands\\node_modules\\jest-circus\\build\\run.js:252:3)\n    at _runTestsForDescribeBlock (C:\\Users\\marte\\Baked for Brands\\bakedbot-for-brands\\node_modules\\jest-circus\\build\\run.js:126:9)\n    at _runTestsForDescribeBlock (C:\\Users\\marte\\Baked for Brands\\bakedbot-for-brands\\node_modules\\jest-circus\\build\\run.js:121:9)\n    at run (C:\\Users\\marte\\Baked for Brands\\bakedbot-for-brands\\node_modules\\jest-circus\\build\\run.js:71:3)\n    at runAndTransformResultsToJestFormat (C:\\Users\\marte\\Baked for Brands\\bakedbot-for-brands\\node_modules\\jest-circus\\build\\legacy-code-todo-rewrite\\jestAdapterInit.js:122:21)\n    at jestAdapter (C:\\Users\\marte\\Baked for Brands\\bakedbot-for-brands\\node_modules\\jest-circus\\build\\legacy-code-todo-rewrite\\jestAdapter.js:79:19)\n    at runTestInternal (C:\\Users\\marte\\Baked for Brands\\bakedbot-for-brands\\node_modules\\jest-runner\\build\\runTest.js:367:16)\n    at runTest (C:\\Users\\marte\\Baked for Brands\\bakedbot-for-brands\\node_modules\\jest-runner\\build\\runTest.js:444:34)\n    at Object.worker (C:\\Users\\marte\\Baked for Brands\\bakedbot-for-brands\\node_modules\\jest-runner\\build\\testWorker.js:106:12)"],"fullName":"Money Mike Elasticity Algorithms estimateElasticity should handle noisy data using regression","invocations":1,"location":null,"numPassingAsserts":0,"retryReasons":[],"status":"failed","title":"estimateElasticity should handle noisy data using regression"},{"ancestorTitles":["Money Mike Elasticity Algorithms"],"duration":1,"failureDetails":[{"matcherResult":{"message":"\u001b[2mexpect(\u001b[22m\u001b[31mreceived\u001b[39m\u001b[2m).\u001b[22mtoThrow\u001b[2m()\u001b[22m\n\nReceived function did not throw","pass":false}}],"failureMessages":["Error: \u001b[2mexpect(\u001b[22m\u001b[31mreceived\u001b[39m\u001b[2m).\u001b[22mtoThrow\u001b[2m()\u001b[22m\n\nReceived function did not throw\n    at Object.toThrow (C:\\Users\\marte\\Baked for Brands\\bakedbot-for-brands\\tests\\server\\moneymike-elasticity.test.ts:50:46)\n    at Promise.then.completed (C:\\Users\\marte\\Baked for Brands\\bakedbot-for-brands\\node_modules\\jest-circus\\build\\utils.js:298:28)\n    at new Promise (<anonymous>)\n    at callAsyncCircusFn (C:\\Users\\marte\\Baked for Brands\\bakedbot-for-brands\\node_modules\\jest-circus\\build\\utils.js:231:10)\n    at _callCircusTest (C:\\Users\\marte\\Baked for Brands\\bakedbot-for-brands\\node_modules\\jest-circus\\build\\run.js:316:40)\n    at processTicksAndRejections (node:internal/process/task_queues:103:5)\n    at _runTest (C:\\Users\\marte\\Baked for Brands\\bakedbot-for-brands\\node_modules\\jest-circus\\build\\run.js:252:3)\n    at _runTestsForDescribeBlock (C:\\Users\\marte\\Baked for Brands\\bakedbot-for-brands\\node_modules\\jest-circus\\build\\run.js:126:9)\n    at _runTestsForDescribeBlock (C:\\Users\\marte\\Baked for Brands\\bakedbot-for-brands\\node_modules\\jest-circus\\build\\run.js:121:9)\n    at run (C:\\Users\\marte\\Baked for Brands\\bakedbot-for-brands\\node_modules\\jest-circus\\build\\run.js:71:3)\n    at runAndTransformResultsToJestFormat (C:\\Users\\marte\\Baked for Brands\\bakedbot-for-brands\\node_modules\\jest-circus\\build\\legacy-code-todo-rewrite\\jestAdapterInit.js:122:21)\n    at jestAdapter (C:\\Users\\marte\\Baked for Brands\\bakedbot-for-brands\\node_modules\\jest-circus\\build\\legacy-code-todo-rewrite\\jestAdapter.js:79:19)\n    at runTestInternal (C:\\Users\\marte\\Baked for Brands\\bakedbot-for-brands\\node_modules\\jest-runner\\build\\runTest.js:367:16)\n    at runTest (C:\\Users\\marte\\Baked for Brands\\bakedbot-for-brands\\node_modules\\jest-runner\\build\\runTest.js:444:34)\n    at Object.worker (C:\\Users\\marte\\Baked for Brands\\bakedbot-for-brands\\node_modules\\jest-runner\\build\\testWorker.js:106:12)"],"fullName":"Money Mike Elasticity Algorithms throws on insufficient data","invocations":1,"location":null,"numPassingAsserts":0,"retryReasons":[],"status":"failed","title":"throws on insufficient data"}],"endTime":1766105797992,"message":"\u001b[1m\u001b[31m  \u001b[1m● \u001b[22m\u001b[1mMoney Mike Elasticity Algorithms › estimateElasticity should detect unitary elasticity (-1.0)\u001b[39m\u001b[22m\n\n    \u001b[2mexpect(\u001b[22m\u001b[31mreceived\u001b[39m\u001b[2m).\u001b[22mtoBeLessThan\u001b[2m(\u001b[22m\u001b[32mexpected\u001b[39m\u001b[2m)\u001b[22m\n\n    \u001b[1mMatcher error\u001b[22m: \u001b[31mreceived\u001b[39m value must be a number or bigint\n\n    Received has type:  object\n    Received has value: \u001b[31m{\"confidence\": 0.3, \"elasticity\": -1, \"is_elastic\": false, \"source\": \"prior\"}\u001b[39m\n\u001b[2m\u001b[22m\n\u001b[2m    \u001b[0m \u001b[90m 16 |\u001b[39m         \u001b[90m// Approx -1.1\u001b[39m\u001b[22m\n\u001b[2m     \u001b[90m 17 |\u001b[39m         \u001b[36mconst\u001b[39m e \u001b[33m=\u001b[39m estimateElasticity(data)\u001b[33m;\u001b[39m\u001b[22m\n\u001b[2m    \u001b[31m\u001b[1m>\u001b[22m\u001b[2m\u001b[39m\u001b[90m 18 |\u001b[39m         expect(e)\u001b[33m.\u001b[39mtoBeLessThan(\u001b[33m-\u001b[39m\u001b[35m0.9\u001b[39m)\u001b[33m;\u001b[39m\u001b[22m\n\u001b[2m     \u001b[90m    |\u001b[39m                   \u001b[31m\u001b[1m^\u001b[22m\u001b[2m\u001b[39m\u001b[22m\n\u001b[2m     \u001b[90m 19 |\u001b[39m         expect(e)\u001b[33m.\u001b[39mtoBeGreaterThan(\u001b[33m-\u001b[39m\u001b[35m1.2\u001b[39m)\u001b[33m;\u001b[39m\u001b[22m\n\u001b[2m     \u001b[90m 20 |\u001b[39m     })\u001b[33m;\u001b[39m\u001b[22m\n\u001b[2m     \u001b[90m 21 |\u001b[39m\u001b[0m\u001b[22m\n\u001b[2m\u001b[22m\n\u001b[2m      \u001b[2mat Object.toBeLessThan (\u001b[22m\u001b[2m\u001b[0m\u001b[36mtests/server/moneymike-elasticity.test.ts\u001b[39m\u001b[0m\u001b[2m:18:19)\u001b[22m\u001b[2m\u001b[22m\n\n\u001b[1m\u001b[31m  \u001b[1m● \u001b[22m\u001b[1mMoney Mike Elasticity Algorithms › estimateElasticity should detect inelastic demand (> -1.0)\u001b[39m\u001b[22m\n\n    \u001b[2mexpect(\u001b[22m\u001b[31mreceived\u001b[39m\u001b[2m).\u001b[22mtoBeGreaterThan\u001b[2m(\u001b[22m\u001b[32mexpected\u001b[39m\u001b[2m)\u001b[22m\n\n    \u001b[1mMatcher error\u001b[22m: \u001b[31mreceived\u001b[39m value must be a number or bigint\n\n    Received has type:  object\n    Received has value: \u001b[31m{\"confidence\": 0.3, \"elasticity\": -1, \"is_elastic\": false, \"source\": \"prior\"}\u001b[39m\n\u001b[2m\u001b[22m\n\u001b[2m    \u001b[0m \u001b[90m 31 |\u001b[39m         \u001b[36mconst\u001b[39m e \u001b[33m=\u001b[39m estimateElasticity(data)\u001b[33m;\u001b[39m\u001b[22m\n\u001b[2m     \u001b[90m 32 |\u001b[39m         \u001b[90m// Should be close to 0 (very inelastic)\u001b[39m\u001b[22m\n\u001b[2m    \u001b[31m\u001b[1m>\u001b[22m\u001b[2m\u001b[39m\u001b[90m 33 |\u001b[39m         expect(e)\u001b[33m.\u001b[39mtoBeGreaterThan(\u001b[33m-\u001b[39m\u001b[35m0.2\u001b[39m)\u001b[33m;\u001b[39m \u001b[90m// -0.05 / 1.0 = -0.05\u001b[39m\u001b[22m\n\u001b[2m     \u001b[90m    |\u001b[39m                   \u001b[31m\u001b[1m^\u001b[22m\u001b[2m\u001b[39m\u001b[22m\n\u001b[2m     \u001b[90m 34 |\u001b[39m     })\u001b[33m;\u001b[39m\u001b[22m\n\u001b[2m     \u001b[90m 35 |\u001b[39m\u001b[22m\n\u001b[2m     \u001b[90m 36 |\u001b[39m     test(\u001b[32m'estimateElasticity should handle noisy data using regression'\u001b[39m\u001b[33m,\u001b[39m () \u001b[33m=>\u001b[39m {\u001b[0m\u001b[22m\n\u001b[2m\u001b[22m\n\u001b[2m      \u001b[2mat Object.toBeGreaterThan (\u001b[22m\u001b[2m\u001b[0m\u001b[36mtests/server/moneymike-elasticity.test.ts\u001b[39m\u001b[0m\u001b[2m:33:19)\u001b[22m\u001b[2m\u001b[22m\n\n\u001b[1m\u001b[31m  \u001b[1m● \u001b[22m\u001b[1mMoney Mike Elasticity Algorithms › estimateElasticity should handle noisy data using regression\u001b[39m\u001b[22m\n\n    \u001b[2mexpect(\u001b[22m\u001b[31mreceived\u001b[39m\u001b[2m).\u001b[22mtoBeLessThan\u001b[2m(\u001b[22m\u001b[32mexpected\u001b[39m\u001b[2m)\u001b[22m\n\n    \u001b[1mMatcher error\u001b[22m: \u001b[31mreceived\u001b[39m value must be a number or bigint\n\n    Received has type:  object\n    Received has value: \u001b[31m{\"confidence\": 0.3, \"elasticity\": -1, \"is_elastic\": false, \"source\": \"prior\"}\u001b[39m\n\u001b[2m\u001b[22m\n\u001b[2m    \u001b[0m \u001b[90m 44 |\u001b[39m         \u001b[36mconst\u001b[39m e \u001b[33m=\u001b[39m estimateElasticity(data)\u001b[33m;\u001b[39m\u001b[22m\n\u001b[2m     \u001b[90m 45 |\u001b[39m         \u001b[90m// Trend is downward.\u001b[39m\u001b[22m\n\u001b[2m    \u001b[31m\u001b[1m>\u001b[22m\u001b[2m\u001b[39m\u001b[90m 46 |\u001b[39m         expect(e)\u001b[33m.\u001b[39mtoBeLessThan(\u001b[35m0\u001b[39m)\u001b[33m;\u001b[39m\u001b[22m\n\u001b[2m     \u001b[90m    |\u001b[39m                   \u001b[31m\u001b[1m^\u001b[22m\u001b[2m\u001b[39m\u001b[22m\n\u001b[2m     \u001b[90m 47 |\u001b[39m     })\u001b[33m;\u001b[39m\u001b[22m\n\u001b[2m     \u001b[90m 48 |\u001b[39m\u001b[22m\n\u001b[2m     \u001b[90m 49 |\u001b[39m     test(\u001b[32m'throws on insufficient data'\u001b[39m\u001b[33m,\u001b[39m () \u001b[33m=>\u001b[39m {\u001b[0m\u001b[22m\n\u001b[2m\u001b[22m\n\u001b[2m      \u001b[2mat Object.toBeLessThan (\u001b[22m\u001b[2m\u001b[0m\u001b[36mtests/server/moneymike-elasticity.test.ts\u001b[39m\u001b[0m\u001b[2m:46:19)\u001b[22m\u001b[2m\u001b[22m\n\n\u001b[1m\u001b[31m  \u001b[1m● \u001b[22m\u001b[1mMoney Mike Elasticity Algorithms › throws on insufficient data\u001b[39m\u001b[22m\n\n    \u001b[2mexpect(\u001b[22m\u001b[31mreceived\u001b[39m\u001b[2m).\u001b[22mtoThrow\u001b[2m()\u001b[22m\n\n    Received function did not throw\n\u001b[2m\u001b[22m\n\u001b[2m    \u001b[0m \u001b[90m 48 |\u001b[39m\u001b[22m\n\u001b[2m     \u001b[90m 49 |\u001b[39m     test(\u001b[32m'throws on insufficient data'\u001b[39m\u001b[33m,\u001b[39m () \u001b[33m=>\u001b[39m {\u001b[22m\n\u001b[2m    \u001b[31m\u001b[1m>\u001b[22m\u001b[2m\u001b[39m\u001b[90m 50 |\u001b[39m         expect(() \u001b[33m=>\u001b[39m estimateElasticity([]))\u001b[33m.\u001b[39mtoThrow()\u001b[33m;\u001b[39m\u001b[22m\n\u001b[2m     \u001b[90m    |\u001b[39m                                              \u001b[31m\u001b[1m^\u001b[22m\u001b[2m\u001b[39m\u001b[22m\n\u001b[2m     \u001b[90m 51 |\u001b[39m         expect(() \u001b[33m=>\u001b[39m estimateElasticity([{ price\u001b[33m:\u001b[39m \u001b[35m10\u001b[39m\u001b[33m,\u001b[39m quantity\u001b[33m:\u001b[39m \u001b[35m10\u001b[39m }]))\u001b[33m.\u001b[39mtoThrow()\u001b[33m;\u001b[39m\u001b[22m\n\u001b[2m     \u001b[90m 52 |\u001b[39m     })\u001b[33m;\u001b[39m\u001b[22m\n\u001b[2m     \u001b[90m 53 |\u001b[39m })\u001b[33m;\u001b[39m\u001b[0m\u001b[22m\n\u001b[2m\u001b[22m\n\u001b[2m      \u001b[2mat Object.toThrow (\u001b[22m\u001b[2m\u001b[0m\u001b[36mtests/server/moneymike-elasticity.test.ts\u001b[39m\u001b[0m\u001b[2m:50:46)\u001b[22m\u001b[2m\u001b[22m\n","name":"C:\\Users\\marte\\Baked for Brands\\bakedbot-for-brands\\tests\\server\\moneymike-elasticity.test.ts","startTime":1766105794944,"status":"failed","summary":""},{"assertionResults":[{"ancestorTitles":["Coverage Packs","COVERAGE_PACK_TIERS"],"duration":12,"failureDetails":[],"failureMessages":[],"fullName":"Coverage Packs COVERAGE_PACK_TIERS should have 4 tier levels","invocations":1,"location":null,"numPassingAsserts":1,"retryReasons":[],"status":"passed","title":"should have 4 tier levels"},{"ancestorTitles":["Coverage Packs","COVERAGE_PACK_TIERS"],"duration":2,"failureDetails":[],"failureMessages":[],"fullName":"Coverage Packs COVERAGE_PACK_TIERS should have increasing ZIP limits","invocations":1,"location":null,"numPassingAsserts":3,"retryReasons":[],"status":"passed","title":"should have increasing ZIP limits"},{"ancestorTitles":["Coverage Packs","COVERAGE_PACK_TIERS"],"duration":19,"failureDetails":[{"matcherResult":{"message":"\u001b[2mexpect(\u001b[22m\u001b[31mreceived\u001b[39m\u001b[2m).\u001b[22mtoBeGreaterThan\u001b[2m(\u001b[22m\u001b[32mexpected\u001b[39m\u001b[2m)\u001b[22m\n\nExpected: > \u001b[32m699\u001b[39m\nReceived:   \u001b[31m0\u001b[39m","pass":false}}],"failureMessages":["Error: \u001b[2mexpect(\u001b[22m\u001b[31mreceived\u001b[39m\u001b[2m).\u001b[22mtoBeGreaterThan\u001b[2m(\u001b[22m\u001b[32mexpected\u001b[39m\u001b[2m)\u001b[22m\n\nExpected: > \u001b[32m699\u001b[39m\nReceived:   \u001b[31m0\u001b[39m\n    at Object.toBeGreaterThan (C:\\Users\\marte\\Baked for Brands\\bakedbot-for-brands\\tests\\server\\coverage-packs.test.ts:49:35)\n    at Promise.then.completed (C:\\Users\\marte\\Baked for Brands\\bakedbot-for-brands\\node_modules\\jest-circus\\build\\utils.js:298:28)\n    at new Promise (<anonymous>)\n    at callAsyncCircusFn (C:\\Users\\marte\\Baked for Brands\\bakedbot-for-brands\\node_modules\\jest-circus\\build\\utils.js:231:10)\n    at _callCircusTest (C:\\Users\\marte\\Baked for Brands\\bakedbot-for-brands\\node_modules\\jest-circus\\build\\run.js:316:40)\n    at processTicksAndRejections (node:internal/process/task_queues:103:5)\n    at _runTest (C:\\Users\\marte\\Baked for Brands\\bakedbot-for-brands\\node_modules\\jest-circus\\build\\run.js:252:3)\n    at _runTestsForDescribeBlock (C:\\Users\\marte\\Baked for Brands\\bakedbot-for-brands\\node_modules\\jest-circus\\build\\run.js:126:9)\n    at _runTestsForDescribeBlock (C:\\Users\\marte\\Baked for Brands\\bakedbot-for-brands\\node_modules\\jest-circus\\build\\run.js:121:9)\n    at _runTestsForDescribeBlock (C:\\Users\\marte\\Baked for Brands\\bakedbot-for-brands\\node_modules\\jest-circus\\build\\run.js:121:9)\n    at run (C:\\Users\\marte\\Baked for Brands\\bakedbot-for-brands\\node_modules\\jest-circus\\build\\run.js:71:3)\n    at runAndTransformResultsToJestFormat (C:\\Users\\marte\\Baked for Brands\\bakedbot-for-brands\\node_modules\\jest-circus\\build\\legacy-code-todo-rewrite\\jestAdapterInit.js:122:21)\n    at jestAdapter (C:\\Users\\marte\\Baked for Brands\\bakedbot-for-brands\\node_modules\\jest-circus\\build\\legacy-code-todo-rewrite\\jestAdapter.js:79:19)\n    at runTestInternal (C:\\Users\\marte\\Baked for Brands\\bakedbot-for-brands\\node_modules\\jest-runner\\build\\runTest.js:367:16)\n    at runTest (C:\\Users\\marte\\Baked for Brands\\bakedbot-for-brands\\node_modules\\jest-runner\\build\\runTest.js:444:34)\n    at Object.worker (C:\\Users\\marte\\Baked for Brands\\bakedbot-for-brands\\node_modules\\jest-runner\\build\\testWorker.js:106:12)"],"fullName":"Coverage Packs COVERAGE_PACK_TIERS should have increasing prices","invocations":1,"location":null,"numPassingAsserts":2,"retryReasons":[],"status":"failed","title":"should have increasing prices"},{"ancestorTitles":["Coverage Packs","getCoveragePackTier"],"duration":5,"failureDetails":[],"failureMessages":[],"fullName":"Coverage Packs getCoveragePackTier should return tier by ID","invocations":1,"location":null,"numPassingAsserts":3,"retryReasons":[],"status":"passed","title":"should return tier by ID"},{"ancestorTitles":["Coverage Packs","getCoveragePackTier"],"duration":1,"failureDetails":[],"failureMessages":[],"fullName":"Coverage Packs getCoveragePackTier should return undefined for invalid ID","invocations":1,"location":null,"numPassingAsserts":1,"retryReasons":[],"status":"passed","title":"should return undefined for invalid ID"},{"ancestorTitles":["Coverage Packs","getBrandCoverage"],"duration":20,"failureDetails":[],"failureMessages":[],"fullName":"Coverage Packs getBrandCoverage should calculate brand coverage from ZIP pages","invocations":1,"location":null,"numPassingAsserts":5,"retryReasons":[],"status":"passed","title":"should calculate brand coverage from ZIP pages"},{"ancestorTitles":["Coverage Packs","getBrandCoverage"],"duration":2,"failureDetails":[],"failureMessages":[],"fullName":"Coverage Packs getBrandCoverage should return null for non-existent brand","invocations":1,"location":null,"numPassingAsserts":1,"retryReasons":[],"status":"passed","title":"should return null for non-existent brand"},{"ancestorTitles":["Coverage Packs","shouldOfferCoveragePack"],"duration":2,"failureDetails":[],"failureMessages":[],"fullName":"Coverage Packs shouldOfferCoveragePack should offer when there are uncovered ZIPs","invocations":1,"location":null,"numPassingAsserts":2,"retryReasons":[],"status":"passed","title":"should offer when there are uncovered ZIPs"},{"ancestorTitles":["Coverage Packs","shouldOfferCoveragePack"],"duration":1,"failureDetails":[],"failureMessages":[],"fullName":"Coverage Packs shouldOfferCoveragePack should not offer to unlimited tier users","invocations":1,"location":null,"numPassingAsserts":2,"retryReasons":[],"status":"passed","title":"should not offer to unlimited tier users"},{"ancestorTitles":["Coverage Packs","calculateUpgradeValue"],"duration":1,"failureDetails":[],"failureMessages":[],"fullName":"Coverage Packs calculateUpgradeValue should calculate upgrade value from starter to growth","invocations":1,"location":null,"numPassingAsserts":4,"retryReasons":[],"status":"passed","title":"should calculate upgrade value from starter to growth"},{"ancestorTitles":["Coverage Packs","calculateUpgradeValue"],"duration":3,"failureDetails":[],"failureMessages":[],"fullName":"Coverage Packs calculateUpgradeValue should cap additional ZIPs at tier limit","invocations":1,"location":null,"numPassingAsserts":1,"retryReasons":[],"status":"passed","title":"should cap additional ZIPs at tier limit"},{"ancestorTitles":["Coverage Packs","calculateUpgradeValue"],"duration":3,"failureDetails":[{"matcherResult":{"actual":0,"expected":1000,"message":"\u001b[2mexpect(\u001b[22m\u001b[31mreceived\u001b[39m\u001b[2m).\u001b[22mtoBe\u001b[2m(\u001b[22m\u001b[32mexpected\u001b[39m\u001b[2m) // Object.is equality\u001b[22m\n\nExpected: \u001b[32m1000\u001b[39m\nReceived: \u001b[31m0\u001b[39m","name":"toBe","pass":false}}],"failureMessages":["Error: \u001b[2mexpect(\u001b[22m\u001b[31mreceived\u001b[39m\u001b[2m).\u001b[22mtoBe\u001b[2m(\u001b[22m\u001b[32mexpected\u001b[39m\u001b[2m) // Object.is equality\u001b[22m\n\nExpected: \u001b[32m1000\u001b[39m\nReceived: \u001b[31m0\u001b[39m\n    at Object.toBe (C:\\Users\\marte\\Baked for Brands\\bakedbot-for-brands\\tests\\server\\coverage-packs.test.ts:170:42)\n    at Promise.then.completed (C:\\Users\\marte\\Baked for Brands\\bakedbot-for-brands\\node_modules\\jest-circus\\build\\utils.js:298:28)\n    at new Promise (<anonymous>)\n    at callAsyncCircusFn (C:\\Users\\marte\\Baked for Brands\\bakedbot-for-brands\\node_modules\\jest-circus\\build\\utils.js:231:10)\n    at _callCircusTest (C:\\Users\\marte\\Baked for Brands\\bakedbot-for-brands\\node_modules\\jest-circus\\build\\run.js:316:40)\n    at processTicksAndRejections (node:internal/process/task_queues:103:5)\n    at _runTest (C:\\Users\\marte\\Baked for Brands\\bakedbot-for-brands\\node_modules\\jest-circus\\build\\run.js:252:3)\n    at _runTestsForDescribeBlock (C:\\Users\\marte\\Baked for Brands\\bakedbot-for-brands\\node_modules\\jest-circus\\build\\run.js:126:9)\n    at _runTestsForDescribeBlock (C:\\Users\\marte\\Baked for Brands\\bakedbot-for-brands\\node_modules\\jest-circus\\build\\run.js:121:9)\n    at _runTestsForDescribeBlock (C:\\Users\\marte\\Baked for Brands\\bakedbot-for-brands\\node_modules\\jest-circus\\build\\run.js:121:9)\n    at run (C:\\Users\\marte\\Baked for Brands\\bakedbot-for-brands\\node_modules\\jest-circus\\build\\run.js:71:3)\n    at runAndTransformResultsToJestFormat (C:\\Users\\marte\\Baked for Brands\\bakedbot-for-brands\\node_modules\\jest-circus\\build\\legacy-code-todo-rewrite\\jestAdapterInit.js:122:21)\n    at jestAdapter (C:\\Users\\marte\\Baked for Brands\\bakedbot-for-brands\\node_modules\\jest-circus\\build\\legacy-code-todo-rewrite\\jestAdapter.js:79:19)\n    at runTestInternal (C:\\Users\\marte\\Baked for Brands\\bakedbot-for-brands\\node_modules\\jest-runner\\build\\runTest.js:367:16)\n    at runTest (C:\\Users\\marte\\Baked for Brands\\bakedbot-for-brands\\node_modules\\jest-runner\\build\\runTest.js:444:34)\n    at Object.worker (C:\\Users\\marte\\Baked for Brands\\bakedbot-for-brands\\node_modules\\jest-runner\\build\\testWorker.js:106:12)"],"fullName":"Coverage Packs calculateUpgradeValue should handle upgrade to unlimited","invocations":1,"location":null,"numPassingAsserts":0,"retryReasons":[],"status":"failed","title":"should handle upgrade to unlimited"},{"ancestorTitles":["Coverage Packs","calculateUpgradeValue"],"duration":1,"failureDetails":[],"failureMessages":[],"fullName":"Coverage Packs calculateUpgradeValue should handle no current tier (new customer)","invocations":1,"location":null,"numPassingAsserts":2,"retryReasons":[],"status":"passed","title":"should handle no current tier (new customer)"}],"endTime":1766105798049,"message":"\u001b[1m\u001b[31m  \u001b[1m● \u001b[22m\u001b[1mCoverage Packs › COVERAGE_PACK_TIERS › should have increasing prices\u001b[39m\u001b[22m\n\n    \u001b[2mexpect(\u001b[22m\u001b[31mreceived\u001b[39m\u001b[2m).\u001b[22mtoBeGreaterThan\u001b[2m(\u001b[22m\u001b[32mexpected\u001b[39m\u001b[2m)\u001b[22m\n\n    Expected: > \u001b[32m699\u001b[39m\n    Received:   \u001b[31m0\u001b[39m\n\u001b[2m\u001b[22m\n\u001b[2m    \u001b[0m \u001b[90m 47 |\u001b[39m             \u001b[36mconst\u001b[39m prices \u001b[33m=\u001b[39m \u001b[33mCOVERAGE_PACK_TIERS\u001b[39m\u001b[33m.\u001b[39mmap(t \u001b[33m=>\u001b[39m t\u001b[33m.\u001b[39mpricePerMonth)\u001b[33m;\u001b[39m\u001b[22m\n\u001b[2m     \u001b[90m 48 |\u001b[39m             \u001b[36mfor\u001b[39m (\u001b[36mlet\u001b[39m i \u001b[33m=\u001b[39m \u001b[35m1\u001b[39m\u001b[33m;\u001b[39m i \u001b[33m<\u001b[39m prices\u001b[33m.\u001b[39mlength\u001b[33m;\u001b[39m i\u001b[33m++\u001b[39m) {\u001b[22m\n\u001b[2m    \u001b[31m\u001b[1m>\u001b[22m\u001b[2m\u001b[39m\u001b[90m 49 |\u001b[39m                 expect(prices[i])\u001b[33m.\u001b[39mtoBeGreaterThan(prices[i \u001b[33m-\u001b[39m \u001b[35m1\u001b[39m])\u001b[33m;\u001b[39m\u001b[22m\n\u001b[2m     \u001b[90m    |\u001b[39m                                   \u001b[31m\u001b[1m^\u001b[22m\u001b[2m\u001b[39m\u001b[22m\n\u001b[2m     \u001b[90m 50 |\u001b[39m             }\u001b[22m\n\u001b[2m     \u001b[90m 51 |\u001b[39m         })\u001b[33m;\u001b[39m\u001b[22m\n\u001b[2m     \u001b[90m 52 |\u001b[39m     })\u001b[33m;\u001b[39m\u001b[0m\u001b[22m\n\u001b[2m\u001b[22m\n\u001b[2m      \u001b[2mat Object.toBeGreaterThan (\u001b[22m\u001b[2m\u001b[0m\u001b[36mtests/server/coverage-packs.test.ts\u001b[39m\u001b[0m\u001b[2m:49:35)\u001b[22m\u001b[2m\u001b[22m\n\n\u001b[1m\u001b[31m  \u001b[1m● \u001b[22m\u001b[1mCoverage Packs › calculateUpgradeValue › should handle upgrade to unlimited\u001b[39m\u001b[22m\n\n    \u001b[2mexpect(\u001b[22m\u001b[31mreceived\u001b[39m\u001b[2m).\u001b[22mtoBe\u001b[2m(\u001b[22m\u001b[32mexpected\u001b[39m\u001b[2m) // Object.is equality\u001b[22m\n\n    Expected: \u001b[32m1000\u001b[39m\n    Received: \u001b[31m0\u001b[39m\n\u001b[2m\u001b[22m\n\u001b[2m    \u001b[0m \u001b[90m 168 |\u001b[39m             \u001b[36mconst\u001b[39m value \u001b[33m=\u001b[39m calculateUpgradeValue(\u001b[32m'enterprise'\u001b[39m\u001b[33m,\u001b[39m \u001b[32m'unlimited'\u001b[39m\u001b[33m,\u001b[39m \u001b[35m1000\u001b[39m)\u001b[33m;\u001b[39m\u001b[22m\n\u001b[2m     \u001b[90m 169 |\u001b[39m\u001b[22m\n\u001b[2m    \u001b[31m\u001b[1m>\u001b[22m\u001b[2m\u001b[39m\u001b[90m 170 |\u001b[39m             expect(value\u001b[33m.\u001b[39madditionalZips)\u001b[33m.\u001b[39mtoBe(\u001b[35m1000\u001b[39m)\u001b[33m;\u001b[39m \u001b[90m// All uncovered\u001b[39m\u001b[22m\n\u001b[2m     \u001b[90m     |\u001b[39m                                          \u001b[31m\u001b[1m^\u001b[22m\u001b[2m\u001b[39m\u001b[22m\n\u001b[2m     \u001b[90m 171 |\u001b[39m             expect(value\u001b[33m.\u001b[39mpriceIncrease)\u001b[33m.\u001b[39mtoBe(\u001b[35m400\u001b[39m)\u001b[33m;\u001b[39m \u001b[90m// 999 - 599\u001b[39m\u001b[22m\n\u001b[2m     \u001b[90m 172 |\u001b[39m         })\u001b[33m;\u001b[39m\u001b[22m\n\u001b[2m     \u001b[90m 173 |\u001b[39m\u001b[0m\u001b[22m\n\u001b[2m\u001b[22m\n\u001b[2m      \u001b[2mat Object.toBe (\u001b[22m\u001b[2m\u001b[0m\u001b[36mtests/server/coverage-packs.test.ts\u001b[39m\u001b[0m\u001b[2m:170:42)\u001b[22m\u001b[2m\u001b[22m\n","name":"C:\\Users\\marte\\Baked for Brands\\bakedbot-for-brands\\tests\\server\\coverage-packs.test.ts","startTime":1766105794946,"status":"failed","summary":""},{"assertionResults":[{"ancestorTitles":["utils library","haversineDistance"],"duration":17,"failureDetails":[],"failureMessages":[],"fullName":"utils library haversineDistance should return 0 for the same coordinates","invocations":1,"location":null,"numPassingAsserts":1,"retryReasons":[],"status":"passed","title":"should return 0 for the same coordinates"},{"ancestorTitles":["utils library","haversineDistance"],"duration":6,"failureDetails":[{"matcherResult":{"message":"\u001b[2mexpect(\u001b[22m\u001b[31mreceived\u001b[39m\u001b[2m).\u001b[22mtoBeCloseTo\u001b[2m(\u001b[22m\u001b[32mexpected\u001b[39m\u001b[2m, \u001b[22mprecision\u001b[2m)\u001b[22m\n\nExpected: \u001b[32m1744.5\u001b[39m\nReceived: \u001b[31m1742.326542428723\u001b[39m\n\nExpected precision:    0\nExpected difference: < \u001b[32m0.5\u001b[39m\nReceived difference:   \u001b[31m2.173457571276913\u001b[39m","pass":false}}],"failureMessages":["Error: \u001b[2mexpect(\u001b[22m\u001b[31mreceived\u001b[39m\u001b[2m).\u001b[22mtoBeCloseTo\u001b[2m(\u001b[22m\u001b[32mexpected\u001b[39m\u001b[2m, \u001b[22mprecision\u001b[2m)\u001b[22m\n\nExpected: \u001b[32m1744.5\u001b[39m\nReceived: \u001b[31m1742.326542428723\u001b[39m\n\nExpected precision:    0\nExpected difference: < \u001b[32m0.5\u001b[39m\nReceived difference:   \u001b[31m2.173457571276913\u001b[39m\n    at Object.toBeCloseTo (C:\\Users\\marte\\Baked for Brands\\bakedbot-for-brands\\src\\lib\\__tests__\\utils.test.ts:18:24)\n    at Promise.then.completed (C:\\Users\\marte\\Baked for Brands\\bakedbot-for-brands\\node_modules\\jest-circus\\build\\utils.js:298:28)\n    at new Promise (<anonymous>)\n    at callAsyncCircusFn (C:\\Users\\marte\\Baked for Brands\\bakedbot-for-brands\\node_modules\\jest-circus\\build\\utils.js:231:10)\n    at _callCircusTest (C:\\Users\\marte\\Baked for Brands\\bakedbot-for-brands\\node_modules\\jest-circus\\build\\run.js:316:40)\n    at processTicksAndRejections (node:internal/process/task_queues:103:5)\n    at _runTest (C:\\Users\\marte\\Baked for Brands\\bakedbot-for-brands\\node_modules\\jest-circus\\build\\run.js:252:3)\n    at _runTestsForDescribeBlock (C:\\Users\\marte\\Baked for Brands\\bakedbot-for-brands\\node_modules\\jest-circus\\build\\run.js:126:9)\n    at _runTestsForDescribeBlock (C:\\Users\\marte\\Baked for Brands\\bakedbot-for-brands\\node_modules\\jest-circus\\build\\run.js:121:9)\n    at _runTestsForDescribeBlock (C:\\Users\\marte\\Baked for Brands\\bakedbot-for-brands\\node_modules\\jest-circus\\build\\run.js:121:9)\n    at run (C:\\Users\\marte\\Baked for Brands\\bakedbot-for-brands\\node_modules\\jest-circus\\build\\run.js:71:3)\n    at runAndTransformResultsToJestFormat (C:\\Users\\marte\\Baked for Brands\\bakedbot-for-brands\\node_modules\\jest-circus\\build\\legacy-code-todo-rewrite\\jestAdapterInit.js:122:21)\n    at jestAdapter (C:\\Users\\marte\\Baked for Brands\\bakedbot-for-brands\\node_modules\\jest-circus\\build\\legacy-code-todo-rewrite\\jestAdapter.js:79:19)\n    at runTestInternal (C:\\Users\\marte\\Baked for Brands\\bakedbot-for-brands\\node_modules\\jest-runner\\build\\runTest.js:367:16)\n    at runTest (C:\\Users\\marte\\Baked for Brands\\bakedbot-for-brands\\node_modules\\jest-runner\\build\\runTest.js:444:34)\n    at Object.worker (C:\\Users\\marte\\Baked for Brands\\bakedbot-for-brands\\node_modules\\jest-runner\\build\\testWorker.js:106:12)"],"fullName":"utils library haversineDistance should correctly calculate the distance between two points","invocations":1,"location":null,"numPassingAsserts":0,"retryReasons":[],"status":"failed","title":"should correctly calculate the distance between two points"},{"ancestorTitles":["utils library","haversineDistance"],"duration":1,"failureDetails":[{"matcherResult":{"message":"\u001b[2mexpect(\u001b[22m\u001b[31mreceived\u001b[39m\u001b[2m).\u001b[22mtoBeCloseTo\u001b[2m(\u001b[22m\u001b[32mexpected\u001b[39m\u001b[2m, \u001b[22mprecision\u001b[2m)\u001b[22m\n\nExpected: \u001b[32m1380.9\u001b[39m\nReceived: \u001b[31m1381.8818885590304\u001b[39m\n\nExpected precision:    0\nExpected difference: < \u001b[32m0.5\u001b[39m\nReceived difference:   \u001b[31m0.9818885590302671\u001b[39m","pass":false}}],"failureMessages":["Error: \u001b[2mexpect(\u001b[22m\u001b[31mreceived\u001b[39m\u001b[2m).\u001b[22mtoBeCloseTo\u001b[2m(\u001b[22m\u001b[32mexpected\u001b[39m\u001b[2m, \u001b[22mprecision\u001b[2m)\u001b[22m\n\nExpected: \u001b[32m1380.9\u001b[39m\nReceived: \u001b[31m1381.8818885590304\u001b[39m\n\nExpected precision:    0\nExpected difference: < \u001b[32m0.5\u001b[39m\nReceived difference:   \u001b[31m0.9818885590302671\u001b[39m\n    at Object.toBeCloseTo (C:\\Users\\marte\\Baked for Brands\\bakedbot-for-brands\\src\\lib\\__tests__\\utils.test.ts:26:26)\n    at Promise.then.completed (C:\\Users\\marte\\Baked for Brands\\bakedbot-for-brands\\node_modules\\jest-circus\\build\\utils.js:298:28)\n    at new Promise (<anonymous>)\n    at callAsyncCircusFn (C:\\Users\\marte\\Baked for Brands\\bakedbot-for-brands\\node_modules\\jest-circus\\build\\utils.js:231:10)\n    at _callCircusTest (C:\\Users\\marte\\Baked for Brands\\bakedbot-for-brands\\node_modules\\jest-circus\\build\\run.js:316:40)\n    at processTicksAndRejections (node:internal/process/task_queues:103:5)\n    at _runTest (C:\\Users\\marte\\Baked for Brands\\bakedbot-for-brands\\node_modules\\jest-circus\\build\\run.js:252:3)\n    at _runTestsForDescribeBlock (C:\\Users\\marte\\Baked for Brands\\bakedbot-for-brands\\node_modules\\jest-circus\\build\\run.js:126:9)\n    at _runTestsForDescribeBlock (C:\\Users\\marte\\Baked for Brands\\bakedbot-for-brands\\node_modules\\jest-circus\\build\\run.js:121:9)\n    at _runTestsForDescribeBlock (C:\\Users\\marte\\Baked for Brands\\bakedbot-for-brands\\node_modules\\jest-circus\\build\\run.js:121:9)\n    at run (C:\\Users\\marte\\Baked for Brands\\bakedbot-for-brands\\node_modules\\jest-circus\\build\\run.js:71:3)\n    at runAndTransformResultsToJestFormat (C:\\Users\\marte\\Baked for Brands\\bakedbot-for-brands\\node_modules\\jest-circus\\build\\legacy-code-todo-rewrite\\jestAdapterInit.js:122:21)\n    at jestAdapter (C:\\Users\\marte\\Baked for Brands\\bakedbot-for-brands\\node_modules\\jest-circus\\build\\legacy-code-todo-rewrite\\jestAdapter.js:79:19)\n    at runTestInternal (C:\\Users\\marte\\Baked for Brands\\bakedbot-for-brands\\node_modules\\jest-runner\\build\\runTest.js:367:16)\n    at runTest (C:\\Users\\marte\\Baked for Brands\\bakedbot-for-brands\\node_modules\\jest-runner\\build\\runTest.js:444:34)\n    at Object.worker (C:\\Users\\marte\\Baked for Brands\\bakedbot-for-brands\\node_modules\\jest-runner\\build\\testWorker.js:106:12)"],"fullName":"utils library haversineDistance should handle coordinates across the equator","invocations":1,"location":null,"numPassingAsserts":0,"retryReasons":[],"status":"failed","title":"should handle coordinates across the equator"},{"ancestorTitles":["utils library","formatNumber"],"duration":1,"failureDetails":[],"failureMessages":[],"fullName":"utils library formatNumber should return the number as a string for numbers less than 1000","invocations":1,"location":null,"numPassingAsserts":2,"retryReasons":[],"status":"passed","title":"should return the number as a string for numbers less than 1000"},{"ancestorTitles":["utils library","formatNumber"],"duration":1,"failureDetails":[],"failureMessages":[],"fullName":"utils library formatNumber should format numbers in thousands with a \"K\"","invocations":1,"location":null,"numPassingAsserts":4,"retryReasons":[],"status":"passed","title":"should format numbers in thousands with a \"K\""},{"ancestorTitles":["utils library","formatNumber"],"duration":1,"failureDetails":[],"failureMessages":[],"fullName":"utils library formatNumber should format numbers in millions with an \"M\"","invocations":1,"location":null,"numPassingAsserts":3,"retryReasons":[],"status":"passed","title":"should format numbers in millions with an \"M\""},{"ancestorTitles":["utils library","formatNumber"],"duration":0,"failureDetails":[],"failureMessages":[],"fullName":"utils library formatNumber should not show .0 for whole numbers","invocations":1,"location":null,"numPassingAsserts":2,"retryReasons":[],"status":"passed","title":"should not show .0 for whole numbers"}],"endTime":1766105798084,"message":"\u001b[1m\u001b[31m  \u001b[1m● \u001b[22m\u001b[1mutils library › haversineDistance › should correctly calculate the distance between two points\u001b[39m\u001b[22m\n\n    \u001b[2mexpect(\u001b[22m\u001b[31mreceived\u001b[39m\u001b[2m).\u001b[22mtoBeCloseTo\u001b[2m(\u001b[22m\u001b[32mexpected\u001b[39m\u001b[2m, \u001b[22mprecision\u001b[2m)\u001b[22m\n\n    Expected: \u001b[32m1744.5\u001b[39m\n    Received: \u001b[31m1742.326542428723\u001b[39m\n\n    Expected precision:    0\n    Expected difference: < \u001b[32m0.5\u001b[39m\n    Received difference:   \u001b[31m2.173457571276913\u001b[39m\n\u001b[2m\u001b[22m\n\u001b[2m    \u001b[0m \u001b[90m 16 |\u001b[39m       \u001b[90m// Distance is approx. 1745 miles\u001b[39m\u001b[22m\n\u001b[2m     \u001b[90m 17 |\u001b[39m       \u001b[36mconst\u001b[39m distance \u001b[33m=\u001b[39m haversineDistance(chicago\u001b[33m,\u001b[39m losAngeles)\u001b[33m;\u001b[39m\u001b[22m\n\u001b[2m    \u001b[31m\u001b[1m>\u001b[22m\u001b[2m\u001b[39m\u001b[90m 18 |\u001b[39m       expect(distance)\u001b[33m.\u001b[39mtoBeCloseTo(\u001b[35m1744.5\u001b[39m\u001b[33m,\u001b[39m \u001b[35m0\u001b[39m)\u001b[33m;\u001b[39m\u001b[22m\n\u001b[2m     \u001b[90m    |\u001b[39m                        \u001b[31m\u001b[1m^\u001b[22m\u001b[2m\u001b[39m\u001b[22m\n\u001b[2m     \u001b[90m 19 |\u001b[39m     })\u001b[33m;\u001b[39m\u001b[22m\n\u001b[2m     \u001b[90m 20 |\u001b[39m\u001b[22m\n\u001b[2m     \u001b[90m 21 |\u001b[39m     it(\u001b[32m'should handle coordinates across the equator'\u001b[39m\u001b[33m,\u001b[39m () \u001b[33m=>\u001b[39m {\u001b[0m\u001b[22m\n\u001b[2m\u001b[22m\n\u001b[2m      \u001b[2mat Object.toBeCloseTo (\u001b[22m\u001b[2m\u001b[0m\u001b[36msrc/lib/__tests__/utils.test.ts\u001b[39m\u001b[0m\u001b[2m:18:24)\u001b[22m\u001b[2m\u001b[22m\n\n\u001b[1m\u001b[31m  \u001b[1m● \u001b[22m\u001b[1mutils library › haversineDistance › should handle coordinates across the equator\u001b[39m\u001b[22m\n\n    \u001b[2mexpect(\u001b[22m\u001b[31mreceived\u001b[39m\u001b[2m).\u001b[22mtoBeCloseTo\u001b[2m(\u001b[22m\u001b[32mexpected\u001b[39m\u001b[2m, \u001b[22mprecision\u001b[2m)\u001b[22m\n\n    Expected: \u001b[32m1380.9\u001b[39m\n    Received: \u001b[31m1381.8818885590304\u001b[39m\n\n    Expected precision:    0\n    Expected difference: < \u001b[32m0.5\u001b[39m\n    Received difference:   \u001b[31m0.9818885590302671\u001b[39m\n\u001b[2m\u001b[22m\n\u001b[2m    \u001b[0m \u001b[90m 24 |\u001b[39m         \u001b[36mconst\u001b[39m distance \u001b[33m=\u001b[39m haversineDistance(point1\u001b[33m,\u001b[39m point2)\u001b[33m;\u001b[39m\u001b[22m\n\u001b[2m     \u001b[90m 25 |\u001b[39m         \u001b[90m// Approx 1380 miles\u001b[39m\u001b[22m\n\u001b[2m    \u001b[31m\u001b[1m>\u001b[22m\u001b[2m\u001b[39m\u001b[90m 26 |\u001b[39m         expect(distance)\u001b[33m.\u001b[39mtoBeCloseTo(\u001b[35m1380.9\u001b[39m\u001b[33m,\u001b[39m \u001b[35m0\u001b[39m)\u001b[33m;\u001b[39m\u001b[22m\n\u001b[2m     \u001b[90m    |\u001b[39m                          \u001b[31m\u001b[1m^\u001b[22m\u001b[2m\u001b[39m\u001b[22m\n\u001b[2m     \u001b[90m 27 |\u001b[39m     })\u001b[33m;\u001b[39m\u001b[22m\n\u001b[2m     \u001b[90m 28 |\u001b[39m   })\u001b[33m;\u001b[39m\u001b[22m\n\u001b[2m     \u001b[90m 29 |\u001b[39m\u001b[0m\u001b[22m\n\u001b[2m\u001b[22m\n\u001b[2m      \u001b[2mat Object.toBeCloseTo (\u001b[22m\u001b[2m\u001b[0m\u001b[36msrc/lib/__tests__/utils.test.ts\u001b[39m\u001b[0m\u001b[2m:26:26)\u001b[22m\u001b[2m\u001b[22m\n","name":"C:\\Users\\marte\\Baked for Brands\\bakedbot-for-brands\\src\\lib\\__tests__\\utils.test.ts","startTime":1766105794947,"status":"failed","summary":""},{"assertionResults":[{"ancestorTitles":["Deebo SEO Review","calculateSEOScore"],"duration":152,"failureDetails":[],"failureMessages":[],"fullName":"Deebo SEO Review calculateSEOScore should return max score (10) for perfect SEO","invocations":1,"location":null,"numPassingAsserts":1,"retryReasons":[],"status":"passed","title":"should return max score (10) for perfect SEO"},{"ancestorTitles":["Deebo SEO Review","calculateSEOScore"],"duration":2,"failureDetails":[],"failureMessages":[],"fullName":"Deebo SEO Review calculateSEOScore should return low score for missing essential elements","invocations":1,"location":null,"numPassingAsserts":1,"retryReasons":[],"status":"passed","title":"should return low score for missing essential elements"},{"ancestorTitles":["Deebo SEO Review","calculateSEOScore"],"duration":40,"failureDetails":[],"failureMessages":[],"fullName":"Deebo SEO Review calculateSEOScore should give significant weight to compliance","invocations":1,"location":null,"numPassingAsserts":1,"retryReasons":[],"status":"passed","title":"should give significant weight to compliance"},{"ancestorTitles":["Deebo SEO Review","calculateSEOScore"],"duration":41,"failureDetails":[{"matcherResult":{"actual":1,"expected":2,"message":"\u001b[2mexpect(\u001b[22m\u001b[31mreceived\u001b[39m\u001b[2m).\u001b[22mtoBe\u001b[2m(\u001b[22m\u001b[32mexpected\u001b[39m\u001b[2m) // Object.is equality\u001b[22m\n\nExpected: \u001b[32m2\u001b[39m\nReceived: \u001b[31m1\u001b[39m","name":"toBe","pass":false}}],"failureMessages":["Error: \u001b[2mexpect(\u001b[22m\u001b[31mreceived\u001b[39m\u001b[2m).\u001b[22mtoBe\u001b[2m(\u001b[22m\u001b[32mexpected\u001b[39m\u001b[2m) // Object.is equality\u001b[22m\n\nExpected: \u001b[32m2\u001b[39m\nReceived: \u001b[31m1\u001b[39m\n    at Object.toBe (C:\\Users\\marte\\Baked for Brands\\bakedbot-for-brands\\tests\\server\\deebo-seo-review.test.ts:98:46)\n    at Promise.then.completed (C:\\Users\\marte\\Baked for Brands\\bakedbot-for-brands\\node_modules\\jest-circus\\build\\utils.js:298:28)\n    at new Promise (<anonymous>)\n    at callAsyncCircusFn (C:\\Users\\marte\\Baked for Brands\\bakedbot-for-brands\\node_modules\\jest-circus\\build\\utils.js:231:10)\n    at _callCircusTest (C:\\Users\\marte\\Baked for Brands\\bakedbot-for-brands\\node_modules\\jest-circus\\build\\run.js:316:40)\n    at processTicksAndRejections (node:internal/process/task_queues:103:5)\n    at _runTest (C:\\Users\\marte\\Baked for Brands\\bakedbot-for-brands\\node_modules\\jest-circus\\build\\run.js:252:3)\n    at _runTestsForDescribeBlock (C:\\Users\\marte\\Baked for Brands\\bakedbot-for-brands\\node_modules\\jest-circus\\build\\run.js:126:9)\n    at _runTestsForDescribeBlock (C:\\Users\\marte\\Baked for Brands\\bakedbot-for-brands\\node_modules\\jest-circus\\build\\run.js:121:9)\n    at _runTestsForDescribeBlock (C:\\Users\\marte\\Baked for Brands\\bakedbot-for-brands\\node_modules\\jest-circus\\build\\run.js:121:9)\n    at run (C:\\Users\\marte\\Baked for Brands\\bakedbot-for-brands\\node_modules\\jest-circus\\build\\run.js:71:3)\n    at runAndTransformResultsToJestFormat (C:\\Users\\marte\\Baked for Brands\\bakedbot-for-brands\\node_modules\\jest-circus\\build\\legacy-code-todo-rewrite\\jestAdapterInit.js:122:21)\n    at jestAdapter (C:\\Users\\marte\\Baked for Brands\\bakedbot-for-brands\\node_modules\\jest-circus\\build\\legacy-code-todo-rewrite\\jestAdapter.js:79:19)\n    at runTestInternal (C:\\Users\\marte\\Baked for Brands\\bakedbot-for-brands\\node_modules\\jest-runner\\build\\runTest.js:367:16)\n    at runTest (C:\\Users\\marte\\Baked for Brands\\bakedbot-for-brands\\node_modules\\jest-runner\\build\\runTest.js:444:34)\n    at Object.worker (C:\\Users\\marte\\Baked for Brands\\bakedbot-for-brands\\node_modules\\jest-runner\\build\\testWorker.js:106:12)"],"fullName":"Deebo SEO Review calculateSEOScore should weight structured data appropriately","invocations":1,"location":null,"numPassingAsserts":0,"retryReasons":[],"status":"failed","title":"should weight structured data appropriately"},{"ancestorTitles":["Deebo SEO Review","reviewSEOPage"],"duration":31,"failureDetails":[],"failureMessages":[],"fullName":"Deebo SEO Review reviewSEOPage should return a valid review result for zip page","invocations":1,"location":null,"numPassingAsserts":7,"retryReasons":[],"status":"passed","title":"should return a valid review result for zip page"},{"ancestorTitles":["Deebo SEO Review","reviewSEOPage"],"duration":2,"failureDetails":[],"failureMessages":[],"fullName":"Deebo SEO Review reviewSEOPage should return a valid review result for city page","invocations":1,"location":null,"numPassingAsserts":3,"retryReasons":[],"status":"passed","title":"should return a valid review result for city page"},{"ancestorTitles":["Deebo SEO Review","reviewSEOPage"],"duration":1,"failureDetails":[],"failureMessages":[],"fullName":"Deebo SEO Review reviewSEOPage should provide meaningful review notes based on score","invocations":1,"location":null,"numPassingAsserts":2,"retryReasons":[],"status":"passed","title":"should provide meaningful review notes based on score"}],"endTime":1766105798117,"message":"\u001b[1m\u001b[31m  \u001b[1m● \u001b[22m\u001b[1mDeebo SEO Review › calculateSEOScore › should weight structured data appropriately\u001b[39m\u001b[22m\n\n    \u001b[2mexpect(\u001b[22m\u001b[31mreceived\u001b[39m\u001b[2m).\u001b[22mtoBe\u001b[2m(\u001b[22m\u001b[32mexpected\u001b[39m\u001b[2m) // Object.is equality\u001b[22m\n\n    Expected: \u001b[32m2\u001b[39m\n    Received: \u001b[31m1\u001b[39m\n\u001b[2m\u001b[22m\n\u001b[2m    \u001b[0m \u001b[90m  96 |\u001b[39m             \u001b[36mconst\u001b[39m withoutScore \u001b[33m=\u001b[39m calculateSEOScore(withoutStructuredData)\u001b[33m;\u001b[39m\u001b[22m\n\u001b[2m     \u001b[90m  97 |\u001b[39m\u001b[22m\n\u001b[2m    \u001b[31m\u001b[1m>\u001b[22m\u001b[2m\u001b[39m\u001b[90m  98 |\u001b[39m             expect(withScore \u001b[33m-\u001b[39m withoutScore)\u001b[33m.\u001b[39mtoBe(\u001b[35m2\u001b[39m)\u001b[33m;\u001b[39m \u001b[90m// 1.5 rounded\u001b[39m\u001b[22m\n\u001b[2m     \u001b[90m     |\u001b[39m                                              \u001b[31m\u001b[1m^\u001b[22m\u001b[2m\u001b[39m\u001b[22m\n\u001b[2m     \u001b[90m  99 |\u001b[39m         })\u001b[33m;\u001b[39m\u001b[22m\n\u001b[2m     \u001b[90m 100 |\u001b[39m     })\u001b[33m;\u001b[39m\u001b[22m\n\u001b[2m     \u001b[90m 101 |\u001b[39m\u001b[0m\u001b[22m\n\u001b[2m\u001b[22m\n\u001b[2m      \u001b[2mat Object.toBe (\u001b[22m\u001b[2m\u001b[0m\u001b[36mtests/server/deebo-seo-review.test.ts\u001b[39m\u001b[0m\u001b[2m:98:46)\u001b[22m\u001b[2m\u001b[22m\n","name":"C:\\Users\\marte\\Baked for Brands\\bakedbot-for-brands\\tests\\server\\deebo-seo-review.test.ts","startTime":1766105794945,"status":"failed","summary":""},{"assertionResults":[{"ancestorTitles":["Smokey Agent","initialize"],"duration":15,"failureDetails":[],"failureMessages":[],"fullName":"Smokey Agent initialize should initialize without running experiments","invocations":1,"location":null,"numPassingAsserts":3,"retryReasons":[],"status":"passed","title":"should initialize without running experiments"},{"ancestorTitles":["Smokey Agent","initialize"],"duration":1,"failureDetails":[],"failureMessages":[],"fullName":"Smokey Agent initialize should pause multiple running experiments, keeping only the first","invocations":1,"location":null,"numPassingAsserts":2,"retryReasons":[],"status":"passed","title":"should pause multiple running experiments, keeping only the first"},{"ancestorTitles":["Smokey Agent","orient"],"duration":1,"failureDetails":[],"failureMessages":[],"fullName":"Smokey Agent orient should prioritize running experiment with enough sessions","invocations":1,"location":null,"numPassingAsserts":1,"retryReasons":[],"status":"passed","title":"should prioritize running experiment with enough sessions"},{"ancestorTitles":["Smokey Agent","orient"],"duration":1,"failureDetails":[],"failureMessages":[],"fullName":"Smokey Agent orient should return null if running experiment has insufficient sessions","invocations":1,"location":null,"numPassingAsserts":1,"retryReasons":[],"status":"passed","title":"should return null if running experiment has insufficient sessions"},{"ancestorTitles":["Smokey Agent","orient"],"duration":1,"failureDetails":[],"failureMessages":[],"fullName":"Smokey Agent orient should prioritize experimental rec policy if no experiment ready","invocations":1,"location":null,"numPassingAsserts":1,"retryReasons":[],"status":"passed","title":"should prioritize experimental rec policy if no experiment ready"},{"ancestorTitles":["Smokey Agent","orient"],"duration":0,"failureDetails":[],"failureMessages":[],"fullName":"Smokey Agent orient should launch queued experiment if no running experiment exists","invocations":1,"location":null,"numPassingAsserts":1,"retryReasons":[],"status":"passed","title":"should launch queued experiment if no running experiment exists"},{"ancestorTitles":["Smokey Agent","act - UX Experiments"],"duration":2,"failureDetails":[],"failureMessages":[],"fullName":"Smokey Agent act - UX Experiments should launch a queued experiment","invocations":1,"location":null,"numPassingAsserts":3,"retryReasons":[],"status":"passed","title":"should launch a queued experiment"},{"ancestorTitles":["Smokey Agent","act - UX Experiments"],"duration":2,"failureDetails":[],"failureMessages":[],"fullName":"Smokey Agent act - UX Experiments should conclude experiment with high confidence winner","invocations":1,"location":null,"numPassingAsserts":5,"retryReasons":[],"status":"passed","title":"should conclude experiment with high confidence winner"},{"ancestorTitles":["Smokey Agent","act - UX Experiments"],"duration":7,"failureDetails":[],"failureMessages":[],"fullName":"Smokey Agent act - UX Experiments should continue monitoring experiment with low confidence","invocations":1,"location":null,"numPassingAsserts":5,"retryReasons":[],"status":"passed","title":"should continue monitoring experiment with low confidence"},{"ancestorTitles":["Smokey Agent","act - Recommendation Policies"],"duration":2,"failureDetails":[],"failureMessages":[],"fullName":"Smokey Agent act - Recommendation Policies should validate experimental policy using Genkit ranking","invocations":1,"location":null,"numPassingAsserts":4,"retryReasons":[],"status":"passed","title":"should validate experimental policy using Genkit ranking"},{"ancestorTitles":["Smokey Agent","act - Recommendation Policies"],"duration":96,"failureDetails":[{"matcherResult":{"actual":"passing","expected":"experimental","message":"\u001b[2mexpect(\u001b[22m\u001b[31mreceived\u001b[39m\u001b[2m).\u001b[22mtoBe\u001b[2m(\u001b[22m\u001b[32mexpected\u001b[39m\u001b[2m) // Object.is equality\u001b[22m\n\nExpected: \u001b[32m\"experimental\"\u001b[39m\nReceived: \u001b[31m\"passing\"\u001b[39m","name":"toBe","pass":false}}],"failureMessages":["Error: \u001b[2mexpect(\u001b[22m\u001b[31mreceived\u001b[39m\u001b[2m).\u001b[22mtoBe\u001b[2m(\u001b[22m\u001b[32mexpected\u001b[39m\u001b[2m) // Object.is equality\u001b[22m\n\nExpected: \u001b[32m\"experimental\"\u001b[39m\nReceived: \u001b[31m\"passing\"\u001b[39m\n    at Object.toBe (C:\\Users\\marte\\Baked for Brands\\bakedbot-for-brands\\tests\\server\\smokey.test.ts:305:59)\n    at processTicksAndRejections (node:internal/process/task_queues:103:5)"],"fullName":"Smokey Agent act - Recommendation Policies should handle policy with no valid rankings","invocations":1,"location":null,"numPassingAsserts":0,"retryReasons":[],"status":"failed","title":"should handle policy with no valid rankings"},{"ancestorTitles":["Smokey Agent","error handling"],"duration":14,"failureDetails":[],"failureMessages":[],"fullName":"Smokey Agent error handling should throw error for non-existent target","invocations":1,"location":null,"numPassingAsserts":1,"retryReasons":[],"status":"passed","title":"should throw error for non-existent target"},{"ancestorTitles":["Smokey Agent","tool integration"],"duration":4,"failureDetails":[],"failureMessages":[],"fullName":"Smokey Agent tool integration should call analyzeExperimentResults with correct parameters","invocations":1,"location":null,"numPassingAsserts":1,"retryReasons":[],"status":"passed","title":"should call analyzeExperimentResults with correct parameters"},{"ancestorTitles":["Smokey Agent","tool integration"],"duration":2,"failureDetails":[],"failureMessages":[],"fullName":"Smokey Agent tool integration should call rankProductsForSegment with correct parameters","invocations":1,"location":null,"numPassingAsserts":1,"retryReasons":[],"status":"passed","title":"should call rankProductsForSegment with correct parameters"}],"endTime":1766105798159,"message":"\u001b[1m\u001b[31m  \u001b[1m● \u001b[22m\u001b[1mSmokey Agent › act - Recommendation Policies › should handle policy with no valid rankings\u001b[39m\u001b[22m\n\n    \u001b[2mexpect(\u001b[22m\u001b[31mreceived\u001b[39m\u001b[2m).\u001b[22mtoBe\u001b[2m(\u001b[22m\u001b[32mexpected\u001b[39m\u001b[2m) // Object.is equality\u001b[22m\n\n    Expected: \u001b[32m\"experimental\"\u001b[39m\n    Received: \u001b[31m\"passing\"\u001b[39m\n\u001b[2m\u001b[22m\n\u001b[2m    \u001b[0m \u001b[90m 303 |\u001b[39m       \u001b[36mconst\u001b[39m result \u001b[33m=\u001b[39m \u001b[36mawait\u001b[39m smokeyAgent\u001b[33m.\u001b[39mact(brandMemory\u001b[33m,\u001b[39m smokeyMemory\u001b[33m,\u001b[39m \u001b[32m'policy_fail'\u001b[39m\u001b[33m,\u001b[39m mockTools)\u001b[33m;\u001b[39m\u001b[22m\n\u001b[2m     \u001b[90m 304 |\u001b[39m\u001b[22m\n\u001b[2m    \u001b[31m\u001b[1m>\u001b[22m\u001b[2m\u001b[39m\u001b[90m 305 |\u001b[39m       expect(result\u001b[33m.\u001b[39mupdatedMemory\u001b[33m.\u001b[39mrec_policies[\u001b[35m0\u001b[39m]\u001b[33m.\u001b[39mstatus)\u001b[33m.\u001b[39mtoBe(\u001b[32m'experimental'\u001b[39m)\u001b[33m;\u001b[39m\u001b[22m\n\u001b[2m     \u001b[90m     |\u001b[39m                                                           \u001b[31m\u001b[1m^\u001b[22m\u001b[2m\u001b[39m\u001b[22m\n\u001b[2m     \u001b[90m 306 |\u001b[39m       expect(result\u001b[33m.\u001b[39mlogEntry\u001b[33m.\u001b[39mresult)\u001b[33m.\u001b[39mtoContain(\u001b[32m'Policy produced no valid rankings'\u001b[39m)\u001b[33m;\u001b[39m\u001b[22m\n\u001b[2m     \u001b[90m 307 |\u001b[39m     })\u001b[33m;\u001b[39m\u001b[22m\n\u001b[2m     \u001b[90m 308 |\u001b[39m   })\u001b[33m;\u001b[39m\u001b[0m\u001b[22m\n\u001b[2m\u001b[22m\n\u001b[2m      \u001b[2mat Object.toBe (\u001b[22m\u001b[2m\u001b[0m\u001b[36mtests/server/smokey.test.ts\u001b[39m\u001b[0m\u001b[2m:305:59)\u001b[22m\u001b[2m\u001b[22m\n","name":"C:\\Users\\marte\\Baked for Brands\\bakedbot-for-brands\\tests\\server\\smokey.test.ts","startTime":1766105794947,"status":"failed","summary":""},{"assertionResults":[{"ancestorTitles":["Leafly Connector Service","Watchlist Management"],"duration":61,"failureDetails":[],"failureMessages":[],"fullName":"Leafly Connector Service Watchlist Management should get watchlist entries","invocations":1,"location":null,"numPassingAsserts":2,"retryReasons":[],"status":"passed","title":"should get watchlist entries"},{"ancestorTitles":["Leafly Connector Service","Watchlist Management"],"duration":2,"failureDetails":[],"failureMessages":[],"fullName":"Leafly Connector Service Watchlist Management should add to watchlist","invocations":1,"location":null,"numPassingAsserts":1,"retryReasons":[],"status":"passed","title":"should add to watchlist"},{"ancestorTitles":["Leafly Connector Service","Watchlist Management"],"duration":4,"failureDetails":[],"failureMessages":[],"fullName":"Leafly Connector Service Watchlist Management should remove from watchlist","invocations":1,"location":null,"numPassingAsserts":2,"retryReasons":[],"status":"passed","title":"should remove from watchlist"},{"ancestorTitles":["Leafly Connector Service","Apify Integration"],"duration":121,"failureDetails":[{"matcherResult":{"message":"\u001b[2mexpect(\u001b[22m\u001b[31mreceived\u001b[39m\u001b[2m).\u001b[22mtoBeDefined\u001b[2m()\u001b[22m\n\nReceived: \u001b[31mundefined\u001b[39m","pass":false}}],"failureMessages":["Error: \u001b[2mexpect(\u001b[22m\u001b[31mreceived\u001b[39m\u001b[2m).\u001b[22mtoBeDefined\u001b[2m()\u001b[22m\n\nReceived: \u001b[31mundefined\u001b[39m\n    at Object.toBeDefined (C:\\Users\\marte\\Baked for Brands\\bakedbot-for-brands\\tests\\server\\leafly-connector.test.ts:106:28)\n    at processTicksAndRejections (node:internal/process/task_queues:103:5)"],"fullName":"Leafly Connector Service Apify Integration should trigger single store scan","invocations":1,"location":null,"numPassingAsserts":1,"retryReasons":[],"status":"failed","title":"should trigger single store scan"},{"ancestorTitles":["Leafly Connector Service","Apify Integration"],"duration":21,"failureDetails":[{"matcherResult":{"message":"\u001b[2mexpect(\u001b[22m\u001b[31mreceived\u001b[39m\u001b[2m).\u001b[22mtoBeDefined\u001b[2m()\u001b[22m\n\nReceived: \u001b[31mundefined\u001b[39m","pass":false}}],"failureMessages":["Error: \u001b[2mexpect(\u001b[22m\u001b[31mreceived\u001b[39m\u001b[2m).\u001b[22mtoBeDefined\u001b[2m()\u001b[22m\n\nReceived: \u001b[31mundefined\u001b[39m\n    at Object.toBeDefined (C:\\Users\\marte\\Baked for Brands\\bakedbot-for-brands\\tests\\server\\leafly-connector.test.ts:130:28)\n    at processTicksAndRejections (node:internal/process/task_queues:103:5)"],"fullName":"Leafly Connector Service Apify Integration should trigger state scan","invocations":1,"location":null,"numPassingAsserts":1,"retryReasons":[],"status":"failed","title":"should trigger state scan"},{"ancestorTitles":["Leafly Connector Service","Apify Integration"],"duration":30,"failureDetails":[],"failureMessages":[],"fullName":"Leafly Connector Service Apify Integration should handle Apify API errors","invocations":1,"location":null,"numPassingAsserts":1,"retryReasons":[],"status":"passed","title":"should handle Apify API errors"},{"ancestorTitles":["Leafly Connector Service","Pricing Intelligence"],"duration":1,"failureDetails":[{}],"failureMessages":["TypeError: Cannot read properties of undefined (reading 'docs')\n    at docs (C:\\Users\\marte\\Baked for Brands\\bakedbot-for-brands\\src\\server\\services\\leafly-connector.ts:452:44)\n    at processTicksAndRejections (node:internal/process/task_queues:103:5)\n    at Object.<anonymous> (C:\\Users\\marte\\Baked for Brands\\bakedbot-for-brands\\tests\\server\\leafly-connector.test.ts:163:27)"],"fullName":"Leafly Connector Service Pricing Intelligence should get pricing bands for state and category","invocations":1,"location":null,"numPassingAsserts":0,"retryReasons":[],"status":"failed","title":"should get pricing bands for state and category"},{"ancestorTitles":["Leafly Connector Service","Pricing Intelligence"],"duration":1,"failureDetails":[{}],"failureMessages":["TypeError: Cannot read properties of undefined (reading 'docs')\n    at docs (C:\\Users\\marte\\Baked for Brands\\bakedbot-for-brands\\src\\server\\services\\leafly-connector.ts:500:43)\n    at processTicksAndRejections (node:internal/process/task_queues:103:5)\n    at Object.<anonymous> (C:\\Users\\marte\\Baked for Brands\\bakedbot-for-brands\\tests\\server\\leafly-connector.test.ts:183:28)"],"fullName":"Leafly Connector Service Pricing Intelligence should get active promos","invocations":1,"location":null,"numPassingAsserts":0,"retryReasons":[],"status":"failed","title":"should get active promos"},{"ancestorTitles":["Leafly Connector Service","Local Competition"],"duration":3,"failureDetails":[{}],"failureMessages":["TypeError: Cannot read properties of undefined (reading 'docs')\n    at docs (C:\\Users\\marte\\Baked for Brands\\bakedbot-for-brands\\src\\server\\services\\leafly-connector.ts:491:44)\n    at processTicksAndRejections (node:internal/process/task_queues:103:5)\n    at getLocalCompetition (C:\\Users\\marte\\Baked for Brands\\bakedbot-for-brands\\src\\server\\services\\leafly-connector.ts:611:20)\n    at Object.<anonymous> (C:\\Users\\marte\\Baked for Brands\\bakedbot-for-brands\\tests\\server\\leafly-connector.test.ts:199:28)"],"fullName":"Leafly Connector Service Local Competition should get local competition for state and city","invocations":1,"location":null,"numPassingAsserts":0,"retryReasons":[],"status":"failed","title":"should get local competition for state and city"},{"ancestorTitles":["Leafly Connector Service","Local Competition"],"duration":25,"failureDetails":[],"failureMessages":[],"fullName":"Leafly Connector Service Local Competition should generate agent-friendly intel summary","invocations":1,"location":null,"numPassingAsserts":1,"retryReasons":[],"status":"passed","title":"should generate agent-friendly intel summary"}],"endTime":1766105798241,"message":"\u001b[1m\u001b[31m  \u001b[1m● \u001b[22m\u001b[1mLeafly Connector Service › Apify Integration › should trigger single store scan\u001b[39m\u001b[22m\n\n    \u001b[2mexpect(\u001b[22m\u001b[31mreceived\u001b[39m\u001b[2m).\u001b[22mtoBeDefined\u001b[2m()\u001b[22m\n\n    Received: \u001b[31mundefined\u001b[39m\n\u001b[2m\u001b[22m\n\u001b[2m    \u001b[0m \u001b[90m 104 |\u001b[39m\u001b[22m\n\u001b[2m     \u001b[90m 105 |\u001b[39m             expect(mockFetch)\u001b[33m.\u001b[39mtoHaveBeenCalled()\u001b[33m;\u001b[39m\u001b[22m\n\u001b[2m    \u001b[31m\u001b[1m>\u001b[22m\u001b[2m\u001b[39m\u001b[90m 106 |\u001b[39m             expect(run\u001b[33m.\u001b[39mid)\u001b[33m.\u001b[39mtoBeDefined()\u001b[33m;\u001b[39m\u001b[22m\n\u001b[2m     \u001b[90m     |\u001b[39m                            \u001b[31m\u001b[1m^\u001b[22m\u001b[2m\u001b[39m\u001b[22m\n\u001b[2m     \u001b[90m 107 |\u001b[39m         })\u001b[33m;\u001b[39m\u001b[22m\n\u001b[2m     \u001b[90m 108 |\u001b[39m\u001b[22m\n\u001b[2m     \u001b[90m 109 |\u001b[39m         it(\u001b[32m'should trigger state scan'\u001b[39m\u001b[33m,\u001b[39m \u001b[36masync\u001b[39m () \u001b[33m=>\u001b[39m {\u001b[0m\u001b[22m\n\u001b[2m\u001b[22m\n\u001b[2m      \u001b[2mat Object.toBeDefined (\u001b[22m\u001b[2m\u001b[0m\u001b[36mtests/server/leafly-connector.test.ts\u001b[39m\u001b[0m\u001b[2m:106:28)\u001b[22m\u001b[2m\u001b[22m\n\n\u001b[1m\u001b[31m  \u001b[1m● \u001b[22m\u001b[1mLeafly Connector Service › Apify Integration › should trigger state scan\u001b[39m\u001b[22m\n\n    \u001b[2mexpect(\u001b[22m\u001b[31mreceived\u001b[39m\u001b[2m).\u001b[22mtoBeDefined\u001b[2m()\u001b[22m\n\n    Received: \u001b[31mundefined\u001b[39m\n\u001b[2m\u001b[22m\n\u001b[2m    \u001b[0m \u001b[90m 128 |\u001b[39m\u001b[22m\n\u001b[2m     \u001b[90m 129 |\u001b[39m             expect(mockFetch)\u001b[33m.\u001b[39mtoHaveBeenCalled()\u001b[33m;\u001b[39m\u001b[22m\n\u001b[2m    \u001b[31m\u001b[1m>\u001b[22m\u001b[2m\u001b[39m\u001b[90m 130 |\u001b[39m             expect(run\u001b[33m.\u001b[39mid)\u001b[33m.\u001b[39mtoBeDefined()\u001b[33m;\u001b[39m\u001b[22m\n\u001b[2m     \u001b[90m     |\u001b[39m                            \u001b[31m\u001b[1m^\u001b[22m\u001b[2m\u001b[39m\u001b[22m\n\u001b[2m     \u001b[90m 131 |\u001b[39m         })\u001b[33m;\u001b[39m\u001b[22m\n\u001b[2m     \u001b[90m 132 |\u001b[39m\u001b[22m\n\u001b[2m     \u001b[90m 133 |\u001b[39m         it(\u001b[32m'should handle Apify API errors'\u001b[39m\u001b[33m,\u001b[39m \u001b[36masync\u001b[39m () \u001b[33m=>\u001b[39m {\u001b[0m\u001b[22m\n\u001b[2m\u001b[22m\n\u001b[2m      \u001b[2mat Object.toBeDefined (\u001b[22m\u001b[2m\u001b[0m\u001b[36mtests/server/leafly-connector.test.ts\u001b[39m\u001b[0m\u001b[2m:130:28)\u001b[22m\u001b[2m\u001b[22m\n\n\u001b[1m\u001b[31m  \u001b[1m● \u001b[22m\u001b[1mLeafly Connector Service › Pricing Intelligence › should get pricing bands for state and category\u001b[39m\u001b[22m\n\n    TypeError: Cannot read properties of undefined (reading 'docs')\n\u001b[2m\u001b[22m\n\u001b[2m    \u001b[0m \u001b[90m 450 |\u001b[39m             \u001b[33m.\u001b[39m\u001b[36mget\u001b[39m()\u001b[33m;\u001b[39m\u001b[22m\n\u001b[2m     \u001b[90m 451 |\u001b[39m\u001b[22m\n\u001b[2m    \u001b[31m\u001b[1m>\u001b[22m\u001b[2m\u001b[39m\u001b[90m 452 |\u001b[39m         \u001b[36mfor\u001b[39m (\u001b[36mconst\u001b[39m prodDoc \u001b[36mof\u001b[39m productsSnap\u001b[33m.\u001b[39mdocs) {\u001b[22m\n\u001b[2m     \u001b[90m     |\u001b[39m                                            \u001b[31m\u001b[1m^\u001b[22m\u001b[2m\u001b[39m\u001b[22m\n\u001b[2m     \u001b[90m 453 |\u001b[39m             \u001b[36mconst\u001b[39m product \u001b[33m=\u001b[39m prodDoc\u001b[33m.\u001b[39mdata()\u001b[33m;\u001b[39m\u001b[22m\n\u001b[2m     \u001b[90m 454 |\u001b[39m             \u001b[36mif\u001b[39m (product\u001b[33m.\u001b[39mprice \u001b[33m>\u001b[39m \u001b[35m0\u001b[39m) {\u001b[22m\n\u001b[2m     \u001b[90m 455 |\u001b[39m                 prices\u001b[33m.\u001b[39mpush(product\u001b[33m.\u001b[39mprice)\u001b[33m;\u001b[39m\u001b[0m\u001b[22m\n\u001b[2m\u001b[22m\n\u001b[2m      \u001b[2mat docs (\u001b[22m\u001b[2msrc/server/services/leafly-connector.ts\u001b[2m:452:44)\u001b[22m\u001b[2m\u001b[22m\n\u001b[2m      \u001b[2mat Object.<anonymous> (\u001b[22m\u001b[2m\u001b[0m\u001b[36mtests/server/leafly-connector.test.ts\u001b[39m\u001b[0m\u001b[2m:163:27)\u001b[22m\u001b[2m\u001b[22m\n\n\u001b[1m\u001b[31m  \u001b[1m● \u001b[22m\u001b[1mLeafly Connector Service › Pricing Intelligence › should get active promos\u001b[39m\u001b[22m\n\n    TypeError: Cannot read properties of undefined (reading 'docs')\n\u001b[2m\u001b[22m\n\u001b[2m    \u001b[0m \u001b[90m 498 |\u001b[39m             \u001b[33m.\u001b[39m\u001b[36mget\u001b[39m()\u001b[33m;\u001b[39m\u001b[22m\n\u001b[2m     \u001b[90m 499 |\u001b[39m\u001b[22m\n\u001b[2m    \u001b[31m\u001b[1m>\u001b[22m\u001b[2m\u001b[39m\u001b[90m 500 |\u001b[39m         \u001b[36mfor\u001b[39m (\u001b[36mconst\u001b[39m offerDoc \u001b[36mof\u001b[39m offersSnap\u001b[33m.\u001b[39mdocs) {\u001b[22m\n\u001b[2m     \u001b[90m     |\u001b[39m                                           \u001b[31m\u001b[1m^\u001b[22m\u001b[2m\u001b[39m\u001b[22m\n\u001b[2m     \u001b[90m 501 |\u001b[39m             \u001b[36mconst\u001b[39m offer \u001b[33m=\u001b[39m offerDoc\u001b[33m.\u001b[39mdata() \u001b[36mas\u001b[39m \u001b[33mLeaflyOffer\u001b[39m\u001b[33m;\u001b[39m\u001b[22m\n\u001b[2m     \u001b[90m 502 |\u001b[39m             \u001b[90m// Include if no expiry or not expired\u001b[39m\u001b[22m\n\u001b[2m     \u001b[90m 503 |\u001b[39m             \u001b[36mif\u001b[39m (\u001b[33m!\u001b[39moffer\u001b[33m.\u001b[39mvalidUntil \u001b[33m||\u001b[39m \u001b[36mnew\u001b[39m \u001b[33mDate\u001b[39m(offer\u001b[33m.\u001b[39mvalidUntil) \u001b[33m>\u001b[39m now) {\u001b[0m\u001b[22m\n\u001b[2m\u001b[22m\n\u001b[2m      \u001b[2mat docs (\u001b[22m\u001b[2msrc/server/services/leafly-connector.ts\u001b[2m:500:43)\u001b[22m\u001b[2m\u001b[22m\n\u001b[2m      \u001b[2mat Object.<anonymous> (\u001b[22m\u001b[2m\u001b[0m\u001b[36mtests/server/leafly-connector.test.ts\u001b[39m\u001b[0m\u001b[2m:183:28)\u001b[22m\u001b[2m\u001b[22m\n\n\u001b[1m\u001b[31m  \u001b[1m● \u001b[22m\u001b[1mLeafly Connector Service › Local Competition › should get local competition for state and city\u001b[39m\u001b[22m\n\n    TypeError: Cannot read properties of undefined (reading 'docs')\n\u001b[2m\u001b[22m\n\u001b[2m    \u001b[0m \u001b[90m 489 |\u001b[39m     \u001b[36mconst\u001b[39m now \u001b[33m=\u001b[39m \u001b[36mnew\u001b[39m \u001b[33mDate\u001b[39m()\u001b[33m;\u001b[39m\u001b[22m\n\u001b[2m     \u001b[90m 490 |\u001b[39m\u001b[22m\n\u001b[2m    \u001b[31m\u001b[1m>\u001b[22m\u001b[2m\u001b[39m\u001b[90m 491 |\u001b[39m     \u001b[36mfor\u001b[39m (\u001b[36mconst\u001b[39m dispDoc \u001b[36mof\u001b[39m dispensariesSnap\u001b[33m.\u001b[39mdocs) {\u001b[22m\n\u001b[2m     \u001b[90m     |\u001b[39m                                            \u001b[31m\u001b[1m^\u001b[22m\u001b[2m\u001b[39m\u001b[22m\n\u001b[2m     \u001b[90m 492 |\u001b[39m         \u001b[36mconst\u001b[39m offersSnap \u001b[33m=\u001b[39m \u001b[36mawait\u001b[39m firestore\u001b[22m\n\u001b[2m     \u001b[90m 493 |\u001b[39m             \u001b[33m.\u001b[39mcollection(\u001b[32m'sources'\u001b[39m)\u001b[22m\n\u001b[2m     \u001b[90m 494 |\u001b[39m             \u001b[33m.\u001b[39mdoc(\u001b[32m'leafly'\u001b[39m)\u001b[0m\u001b[22m\n\u001b[2m\u001b[22m\n\u001b[2m      \u001b[2mat docs (\u001b[22m\u001b[2msrc/server/services/leafly-connector.ts\u001b[2m:491:44)\u001b[22m\u001b[2m\u001b[22m\n\u001b[2m      \u001b[2mat getLocalCompetition (\u001b[22m\u001b[2msrc/server/services/leafly-connector.ts\u001b[2m:611:20)\u001b[22m\u001b[2m\u001b[22m\n\u001b[2m      \u001b[2mat Object.<anonymous> (\u001b[22m\u001b[2m\u001b[0m\u001b[36mtests/server/leafly-connector.test.ts\u001b[39m\u001b[0m\u001b[2m:199:28)\u001b[22m\u001b[2m\u001b[22m\n","name":"C:\\Users\\marte\\Baked for Brands\\bakedbot-for-brands\\tests\\server\\leafly-connector.test.ts","startTime":1766105794965,"status":"failed","summary":""},{"assertionResults":[{"ancestorTitles":["DealsCarousel"],"duration":null,"failureDetails":[],"failureMessages":[],"fullName":"DealsCarousel renders nothing when no slides are provided","invocations":1,"location":null,"numPassingAsserts":0,"retryReasons":[],"status":"pending","title":"renders nothing when no slides are provided"},{"ancestorTitles":["DealsCarousel"],"duration":null,"failureDetails":[],"failureMessages":[],"fullName":"DealsCarousel renders slides correctly","invocations":1,"location":null,"numPassingAsserts":0,"retryReasons":[],"status":"pending","title":"renders slides correctly"}],"coverage":{},"endTime":1766105813210,"message":"","name":"C:\\Users\\marte\\Baked for Brands\\bakedbot-for-brands\\tests\\components\\dispensary\\deals-carousel.test.tsx","startTime":1766105813210,"status":"ski
[...]
our code or its dependencies use non-standard JavaScript syntax, or when Jest is not configured to support such syntax.\n\n    Out of the box Jest supports Babel, which will be used to transform your files into valid JS based on your Babel configuration.\n\n    By default \"node_modules\" folder is ignored by transformers.\n\n    Here's what you can do:\n     • If you are trying to use ECMAScript Modules, see \u001b[4mhttps://jestjs.io/docs/ecmascript-modules\u001b[24m for how to enable it.\n     • If you are trying to use TypeScript, see \u001b[4mhttps://jestjs.io/docs/getting-started#using-typescript\u001b[24m\n     • To have some of your \"node_modules\" files transformed, you can specify a custom \u001b[1m\"transformIgnorePatterns\"\u001b[22m in your config.\n     • If you need a custom transformation specify a \u001b[1m\"transform\"\u001b[22m option in your config.\n     • If you simply want to mock your non-JS modules (e.g. binary assets) you can stub them out with the \u001b[1m\"moduleNameMapper\"\u001b[22m config option.\n\n    You'll find more details and examples of these config options in the docs:\n    \u001b[36mhttps://jestjs.io/docs/configuration\u001b[39m\n    For information about custom transformations, see:\n    \u001b[36mhttps://jestjs.io/docs/code-transformation\u001b[39m\n\n    \u001b[1m\u001b[31mDetails:\u001b[39m\u001b[22m\n\n    C:\\Users\\marte\\Baked for Brands\\bakedbot-for-brands\\node_modules\\dotprompt\\node_modules\\yaml\\browser\\index.js:3\n    import * as YAML from './dist/index.js'\n    ^^^^^^\n\n    SyntaxError: Cannot use import statement outside a module\n\n    \u001b[0m \u001b[90m 19 |\u001b[39m   plugins\u001b[33m:\u001b[39m [\n     \u001b[90m 20 |\u001b[39m     googleAI({ apiKey })\u001b[33m,\u001b[39m\n    \u001b[31m\u001b[1m>\u001b[22m\u001b[39m\u001b[90m 21 |\u001b[39m   ]\u001b[33m,\u001b[39m\n     \u001b[90m    |\u001b[39m               \u001b[31m\u001b[1m^\u001b[22m\u001b[39m\n     \u001b[90m 22 |\u001b[39m   model\u001b[33m:\u001b[39m \u001b[32m'googleai/gemini-2.0-flash'\u001b[39m\u001b[33m,\u001b[39m\n     \u001b[90m 23 |\u001b[39m })\u001b[33m;\u001b[39m\n     \u001b[90m 24 |\u001b[39m\u001b[0m\n\n      \u001b[2mat Runtime.createScriptFromCode (\u001b[22mnode_modules/jest-runtime/build/index.js\u001b[2m:1505:14)\u001b[22m\n      \u001b[2mat Object.<anonymous> (\u001b[22mnode_modules/dotprompt/dist/index.js\u001b[2m:82:19)\u001b[22m\n      \u001b[2mat Object.<anonymous> (\u001b[22mnode_modules/@genkit-ai/core/src/registry.ts\u001b[2m:17:27)\u001b[22m\n      \u001b[2mat Object.<anonymous> (\u001b[22mnode_modules/@genkit-ai/ai/src/generate.ts\u001b[2m:30:26)\u001b[22m\n      \u001b[2mat Object.<anonymous> (\u001b[22mnode_modules/@genkit-ai/ai/src/index.ts\u001b[2m:63:8)\u001b[22m\n      \u001b[2mat Object.<anonymous> (\u001b[22mnode_modules/genkit/src/common.ts\u001b[2m:113:8)\u001b[22m\n      \u001b[2mat Object.<anonymous> (\u001b[22mnode_modules/genkit/src/index.ts\u001b[2m:28:15)\u001b[22m\n      \u001b[2mat Object.<anonymous> (\u001b[22msrc/ai/genkit.ts\u001b[2m:21:17)\u001b[22m\n      \u001b[2mat Object.<anonymous> (\u001b[22msrc/server/agents/deebo.ts\u001b[2m:38:17)\u001b[22m\n      \u001b[2mat Object.<anonymous> (\u001b[22m\u001b[0m\u001b[36mtests/server/agents/deebo-states.spec.ts\u001b[39m\u001b[0m\u001b[2m:16:16)\u001b[22m\n","name":"C:\\Users\\marte\\Baked for Brands\\bakedbot-for-brands\\tests\\server\\agents\\deebo-states.spec.ts","startTime":1766105813210,"status":"failed","summary":""},{"assertionResults":[],"coverage":{},"endTime":1766105813210,"message":"  \u001b[1m● \u001b[22mTest suite failed to run\n\n    \u001b[1m\u001b[31mJest encountered an unexpected token\u001b[39m\u001b[22m\n\n    Jest failed to parse a file. This happens e.g. when your code or its dependencies use non-standard JavaScript syntax, or when Jest is not configured to support such syntax.\n\n    Out of the box Jest supports Babel, which will be used to transform your files into valid JS based on your Babel configuration.\n\n    By default \"node_modules\" folder is ignored by transformers.\n\n    Here's what you can do:\n     • If you are trying to use ECMAScript Modules, see \u001b[4mhttps://jestjs.io/docs/ecmascript-modules\u001b[24m for how to enable it.\n     • If you are trying to use TypeScript, see \u001b[4mhttps://jestjs.io/docs/getting-started#using-typescript\u001b[24m\n     • To have some of your \"node_modules\" files transformed, you can specify a custom \u001b[1m\"transformIgnorePatterns\"\u001b[22m in your config.\n     • If you need a custom transformation specify a \u001b[1m\"transform\"\u001b[22m option in your config.\n     • If you simply want to mock your non-JS modules (e.g. binary assets) you can stub them out with the \u001b[1m\"moduleNameMapper\"\u001b[22m config option.\n\n    You'll find more details and examples of these config options in the docs:\n    \u001b[36mhttps://jestjs.io/docs/configuration\u001b[39m\n    For information about custom transformations, see:\n    \u001b[36mhttps://jestjs.io/docs/code-transformation\u001b[39m\n\n    \u001b[1m\u001b[31mDetails:\u001b[39m\u001b[22m\n\n    C:\\Users\\marte\\Baked for Brands\\bakedbot-for-brands\\node_modules\\dotprompt\\node_modules\\yaml\\browser\\index.js:3\n    import * as YAML from './dist/index.js'\n    ^^^^^^\n\n    SyntaxError: Cannot use import statement outside a module\n\n    \u001b[0m \u001b[90m 19 |\u001b[39m   plugins\u001b[33m:\u001b[39m [\n     \u001b[90m 20 |\u001b[39m     googleAI({ apiKey })\u001b[33m,\u001b[39m\n    \u001b[31m\u001b[1m>\u001b[22m\u001b[39m\u001b[90m 21 |\u001b[39m   ]\u001b[33m,\u001b[39m\n     \u001b[90m    |\u001b[39m               \u001b[31m\u001b[1m^\u001b[22m\u001b[39m\n     \u001b[90m 22 |\u001b[39m   model\u001b[33m:\u001b[39m \u001b[32m'googleai/gemini-2.0-flash'\u001b[39m\u001b[33m,\u001b[39m\n     \u001b[90m 23 |\u001b[39m })\u001b[33m;\u001b[39m\n     \u001b[90m 24 |\u001b[39m\u001b[0m\n\n      \u001b[2mat Runtime.createScriptFromCode (\u001b[22mnode_modules/jest-runtime/build/index.js\u001b[2m:1505:14)\u001b[22m\n      \u001b[2mat Object.<anonymous> (\u001b[22mnode_modules/dotprompt/dist/index.js\u001b[2m:82:19)\u001b[22m\n      \u001b[2mat Object.<anonymous> (\u001b[22mnode_modules/@genkit-ai/core/src/registry.ts\u001b[2m:17:27)\u001b[22m\n      \u001b[2mat Object.<anonymous> (\u001b[22mnode_modules/@genkit-ai/ai/src/generate.ts\u001b[2m:30:26)\u001b[22m\n      \u001b[2mat Object.<anonymous> (\u001b[22mnode_modules/@genkit-ai/ai/src/index.ts\u001b[2m:63:8)\u001b[22m\n      \u001b[2mat Object.<anonymous> (\u001b[22mnode_modules/genkit/src/common.ts\u001b[2m:113:8)\u001b[22m\n      \u001b[2mat Object.<anonymous> (\u001b[22mnode_modules/genkit/src/index.ts\u001b[2m:28:15)\u001b[22m\n      \u001b[2mat Object.<anonymous> (\u001b[22msrc/ai/genkit.ts\u001b[2m:21:17)\u001b[22m\n      \u001b[2mat Object.<anonymous> (\u001b[22msrc/server/agents/deebo.ts\u001b[2m:38:17)\u001b[22m\n      \u001b[2mat Object.<anonymous> (\u001b[22m\u001b[0m\u001b[36mtests/server/agents/deebo.spec.ts\u001b[39m\u001b[0m\u001b[2m:16:16)\u001b[22m\n","name":"C:\\Users\\marte\\Baked for Brands\\bakedbot-for-brands\\tests\\server\\agents\\deebo.spec.ts","startTime":1766105813210,"status":"failed","summary":""},{"assertionResults":[],"coverage":{},"endTime":1766105813210,"message":"  \u001b[1m● \u001b[22mTest suite failed to run\n\n    \u001b[1m\u001b[31mJest encountered an unexpected token\u001b[39m\u001b[22m\n\n    Jest failed to parse a file. This happens e.g. when your code or its dependencies use non-standard JavaScript syntax, or when Jest is not configured to support such syntax.\n\n    Out of the box Jest supports Babel, which will be used to transform your files into valid JS based on your Babel configuration.\n\n    By default \"node_modules\" folder is ignored by transformers.\n\n    Here's what you can do:\n     • If you are trying to use ECMAScript Modules, see \u001b[4mhttps://jestjs.io/docs/ecmascript-modules\u001b[24m for how to enable it.\n     • If you are trying to use TypeScript, see \u001b[4mhttps://jestjs.io/docs/getting-started#using-typescript\u001b[24m\n     • To have some of your \"node_modules\" files transformed, you can specify a custom \u001b[1m\"transformIgnorePatterns\"\u001b[22m in your config.\n     • If you need a custom transformation specify a \u001b[1m\"transform\"\u001b[22m option in your config.\n     • If you simply want to mock your non-JS modules (e.g. binary assets) you can stub them out with the \u001b[1m\"moduleNameMapper\"\u001b[22m config option.\n\n    You'll find more details and examples of these config options in the docs:\n    \u001b[36mhttps://jestjs.io/docs/configuration\u001b[39m\n    For information about custom transformations, see:\n    \u001b[36mhttps://jestjs.io/docs/code-transformation\u001b[39m\n\n    \u001b[1m\u001b[31mDetails:\u001b[39m\u001b[22m\n\n    C:\\Users\\marte\\Baked for Brands\\bakedbot-for-brands\\node_modules\\jose\\dist\\browser\\index.js:1\n    ({\"Object.<anonymous>\":function(module,exports,require,__dirname,__filename,jest){export { compactDecrypt } from './jwe/compact/decrypt.js';\n                                                                                      ^^^^^^\n\n    SyntaxError: Unexpected token 'export'\n\n    \u001b[0m \u001b[90m 32 |\u001b[39m     \u001b[36mthrow\u001b[39m \u001b[36mnew\u001b[39m \u001b[33mError\u001b[39m(\u001b[32m\"FIREBASE_SERVICE_ACCOUNT_KEY is not a valid Base64-encoded JSON string.\"\u001b[39m)\u001b[33m;\u001b[39m\n     \u001b[90m 33 |\u001b[39m   }\n    \u001b[31m\u001b[1m>\u001b[22m\u001b[39m\u001b[90m 34 |\u001b[39m }\n     \u001b[90m    |\u001b[39m  \u001b[31m\u001b[1m^\u001b[22m\u001b[39m\n     \u001b[90m 35 |\u001b[39m\n     \u001b[90m 36 |\u001b[39m \u001b[90m/**\u001b[39m\n     \u001b[90m 37 |\u001b[39m \u001b[90m * Creates a server-side Firebase client (admin SDK).\u001b[39m\u001b[0m\n\n      \u001b[2mat Runtime.createScriptFromCode (\u001b[22mnode_modules/jest-runtime/build/index.js\u001b[2m:1505:14)\u001b[22m\n      \u001b[2mat Object.<anonymous> (\u001b[22mnode_modules/jwks-rsa/src/utils.js\u001b[2m:1:116)\u001b[22m\n      \u001b[2mat Object.<anonymous> (\u001b[22mnode_modules/jwks-rsa/src/JwksClient.js\u001b[2m:2:33)\u001b[22m\n      \u001b[2mat Object.<anonymous> (\u001b[22mnode_modules/jwks-rsa/src/index.js\u001b[2m:1:126)\u001b[22m\n      \u001b[2mat Object.<anonymous> (\u001b[22mnode_modules/firebase-admin/lib/utils/jwt.js\u001b[2m:24:14)\u001b[22m\n      \u001b[2mat Object.<anonymous> (\u001b[22mnode_modules/firebase-admin/lib/auth/token-verifier.js\u001b[2m:26:15)\u001b[22m\n      \u001b[2mat Object.<anonymous> (\u001b[22mnode_modules/firebase-admin/lib/auth/base-auth.js\u001b[2m:26:26)\u001b[22m\n      \u001b[2mat Object.<anonymous> (\u001b[22mnode_modules/firebase-admin/lib/auth/tenant-manager.js\u001b[2m:23:21)\u001b[22m\n      \u001b[2mat Object.<anonymous> (\u001b[22mnode_modules/firebase-admin/lib/auth/auth.js\u001b[2m:22:26)\u001b[22m\n      \u001b[2mat Object.<anonymous> (\u001b[22mnode_modules/firebase-admin/lib/auth/index.js\u001b[2m:27:16)\u001b[22m\n      \u001b[2mat Object.<anonymous> (\u001b[22msrc/firebase/server-client.ts\u001b[2m:34:15)\u001b[22m\n      \u001b[2mat Object.<anonymous> (\u001b[22msrc/server/actions/stats.ts\u001b[2m:12:23)\u001b[22m\n      \u001b[2mat Object.<anonymous> (\u001b[22msrc/components/landing/live-stats.tsx\u001b[2m:14:16)\u001b[22m\n      \u001b[2mat Object.<anonymous> (\u001b[22msrc/app/page.tsx\u001b[2m:22:20)\u001b[22m\n      \u001b[2mat Object.<anonymous> (\u001b[22m\u001b[0m\u001b[36mtests/app/page.test.tsx\u001b[39m\u001b[0m\u001b[2m:8:54)\u001b[22m\n","name":"C:\\Users\\marte\\Baked for Brands\\bakedbot-for-brands\\tests\\app\\page.test.tsx","startTime":1766105813210,"status":"failed","summary":""},{"assertionResults":[],"coverage":{},"endTime":1766105813210,"message":"  \u001b[1m● \u001b[22mTest suite failed to run\n\n    \u001b[1m\u001b[31mJest encountered an unexpected token\u001b[39m\u001b[22m\n\n    Jest failed to parse a file. This happens e.g. when your code or its dependencies use non-standard JavaScript syntax, or when Jest is not configured to support such syntax.\n\n    Out of the box Jest supports Babel, which will be used to transform your files into valid JS based on your Babel configuration.\n\n    By default \"node_modules\" folder is ignored by transformers.\n\n    Here's what you can do:\n     • If you are trying to use ECMAScript Modules, see \u001b[4mhttps://jestjs.io/docs/ecmascript-modules\u001b[24m for how to enable it.\n     • If you are trying to use TypeScript, see \u001b[4mhttps://jestjs.io/docs/getting-started#using-typescript\u001b[24m\n     • To have some of your \"node_modules\" files transformed, you can specify a custom \u001b[1m\"transformIgnorePatterns\"\u001b[22m in your config.\n     • If you need a custom transformation specify a \u001b[1m\"transform\"\u001b[22m option in your config.\n     • If you simply want to mock your non-JS modules (e.g. binary assets) you can stub them out with the \u001b[1m\"moduleNameMapper\"\u001b[22m config option.\n\n    You'll find more details and examples of these config options in the docs:\n    \u001b[36mhttps://jestjs.io/docs/configuration\u001b[39m\n    For information about custom transformations, see:\n    \u001b[36mhttps://jestjs.io/docs/code-transformation\u001b[39m\n\n    \u001b[1m\u001b[31mDetails:\u001b[39m\u001b[22m\n\n    C:\\Users\\marte\\Baked for Brands\\bakedbot-for-brands\\node_modules\\dotprompt\\node_modules\\yaml\\browser\\index.js:3\n    import * as YAML from './dist/index.js'\n    ^^^^^^\n\n    SyntaxError: Cannot use import statement outside a module\n\n    \u001b[0m \u001b[90m 19 |\u001b[39m   plugins\u001b[33m:\u001b[39m [\n     \u001b[90m 20 |\u001b[39m     googleAI({ apiKey })\u001b[33m,\u001b[39m\n    \u001b[31m\u001b[1m>\u001b[22m\u001b[39m\u001b[90m 21 |\u001b[39m   ]\u001b[33m,\u001b[39m\n     \u001b[90m    |\u001b[39m               \u001b[31m\u001b[1m^\u001b[22m\u001b[39m\n     \u001b[90m 22 |\u001b[39m   model\u001b[33m:\u001b[39m \u001b[32m'googleai/gemini-2.0-flash'\u001b[39m\u001b[33m,\u001b[39m\n     \u001b[90m 23 |\u001b[39m })\u001b[33m;\u001b[39m\n     \u001b[90m 24 |\u001b[39m\u001b[0m\n\n      \u001b[2mat Runtime.createScriptFromCode (\u001b[22mnode_modules/jest-runtime/build/index.js\u001b[2m:1505:14)\u001b[22m\n      \u001b[2mat Object.<anonymous> (\u001b[22mnode_modules/dotprompt/dist/index.js\u001b[2m:82:19)\u001b[22m\n      \u001b[2mat Object.<anonymous> (\u001b[22mnode_modules/@genkit-ai/core/src/registry.ts\u001b[2m:17:27)\u001b[22m\n      \u001b[2mat Object.<anonymous> (\u001b[22mnode_modules/@genkit-ai/ai/src/generate.ts\u001b[2m:30:26)\u001b[22m\n      \u001b[2mat Object.<anonymous> (\u001b[22mnode_modules/@genkit-ai/ai/src/index.ts\u001b[2m:63:8)\u001b[22m\n      \u001b[2mat Object.<anonymous> (\u001b[22mnode_modules/genkit/src/common.ts\u001b[2m:113:8)\u001b[22m\n      \u001b[2mat Object.<anonymous> (\u001b[22mnode_modules/genkit/src/index.ts\u001b[2m:28:15)\u001b[22m\n      \u001b[2mat Object.<anonymous> (\u001b[22msrc/ai/genkit.ts\u001b[2m:21:17)\u001b[22m\n      \u001b[2mat Object.<anonymous> (\u001b[22msrc/server/agents/deebo.ts\u001b[2m:38:17)\u001b[22m\n      \u001b[2mat Object.<anonymous> (\u001b[22msrc/app/dashboard/ceo/agents/actions.ts\u001b[2m:26:16)\u001b[22m\n      \u001b[2mat Object.<anonymous> (\u001b[22msrc/app/dashboard/playbooks/components/agent-chat.tsx\u001b[2m:22:18)\u001b[22m\n      \u001b[2mat Object.<anonymous> (\u001b[22m\u001b[0m\u001b[36mtests/components/playbooks/agent-chat.test.tsx\u001b[39m\u001b[0m\u001b[2m:19:20)\u001b[22m\n","name":"C:\\Users\\marte\\Baked for Brands\\bakedbot-for-brands\\tests\\components\\playbooks\\agent-chat.test.tsx","startTime":1766105813210,"status":"failed","summary":""},{"assertionResults":[],"coverage":{},"endTime":1766105813210,"message":"  \u001b[1m● \u001b[22mTest suite failed to run\n\n    \u001b[1m\u001b[31mJest encountered an unexpected token\u001b[39m\u001b[22m\n\n    Jest failed to parse a file. This happens e.g. when your code or its dependencies use non-standard JavaScript syntax, or when Jest is not configured to support such syntax.\n\n    Out of the box Jest supports Babel, which will be used to transform your files into valid JS based on your Babel configuration.\n\n    By default \"node_modules\" folder is ignored by transformers.\n\n    Here's what you can do:\n     • If you are trying to use ECMAScript Modules, see \u001b[4mhttps://jestjs.io/docs/ecmascript-modules\u001b[24m for how to enable it.\n     • If you are trying to use TypeScript, see \u001b[4mhttps://jestjs.io/docs/getting-started#using-typescript\u001b[24m\n     • To have some of your \"node_modules\" files transformed, you can specify a custom \u001b[1m\"transformIgnorePatterns\"\u001b[22m in your config.\n     • If you need a custom transformation specify a \u001b[1m\"transform\"\u001b[22m option in your config.\n     • If you simply want to mock your non-JS modules (e.g. binary assets) you can stub them out with the \u001b[1m\"moduleNameMapper\"\u001b[22m config option.\n\n    You'll find more details and examples of these config options in the docs:\n    \u001b[36mhttps://jestjs.io/docs/configuration\u001b[39m\n    For information about custom transformations, see:\n    \u001b[36mhttps://jestjs.io/docs/code-transformation\u001b[39m\n\n    \u001b[1m\u001b[31mDetails:\u001b[39m\u001b[22m\n\n    C:\\Users\\marte\\Baked for Brands\\bakedbot-for-brands\\node_modules\\dotprompt\\node_modules\\yaml\\browser\\index.js:3\n    import * as YAML from './dist/index.js'\n    ^^^^^^\n\n    SyntaxError: Cannot use import statement outside a module\n\n    \u001b[0m \u001b[90m 19 |\u001b[39m   plugins\u001b[33m:\u001b[39m [\n     \u001b[90m 20 |\u001b[39m     googleAI({ apiKey })\u001b[33m,\u001b[39m\n    \u001b[31m\u001b[1m>\u001b[22m\u001b[39m\u001b[90m 21 |\u001b[39m   ]\u001b[33m,\u001b[39m\n     \u001b[90m    |\u001b[39m               \u001b[31m\u001b[1m^\u001b[22m\u001b[39m\n     \u001b[90m 22 |\u001b[39m   model\u001b[33m:\u001b[39m \u001b[32m'googleai/gemini-2.0-flash'\u001b[39m\u001b[33m,\u001b[39m\n     \u001b[90m 23 |\u001b[39m })\u001b[33m;\u001b[39m\n     \u001b[90m 24 |\u001b[39m\u001b[0m\n\n      \u001b[2mat Runtime.createScriptFromCode (\u001b[22mnode_modules/jest-runtime/build/index.js\u001b[2m:1505:14)\u001b[22m\n      \u001b[2mat Object.<anonymous> (\u001b[22mnode_modules/dotprompt/dist/index.js\u001b[2m:82:19)\u001b[22m\n      \u001b[2mat Object.<anonymous> (\u001b[22mnode_modules/@genkit-ai/core/src/registry.ts\u001b[2m:17:27)\u001b[22m\n      \u001b[2mat Object.<anonymous> (\u001b[22mnode_modules/@genkit-ai/ai/src/generate.ts\u001b[2m:30:26)\u001b[22m\n      \u001b[2mat Object.<anonymous> (\u001b[22mnode_modules/@genkit-ai/ai/src/index.ts\u001b[2m:63:8)\u001b[22m\n      \u001b[2mat Object.<anonymous> (\u001b[22mnode_modules/genkit/src/common.ts\u001b[2m:113:8)\u001b[22m\n      \u001b[2mat Object.<anonymous> (\u001b[22mnode_modules/genkit/src/index.ts\u001b[2m:28:15)\u001b[22m\n      \u001b[2mat Object.<anonymous> (\u001b[22msrc/ai/genkit.ts\u001b[2m:21:17)\u001b[22m\n      \u001b[2mat Object.<anonymous> (\u001b[22msrc/ai/utils/generate-embedding.ts\u001b[2m:12:17)\u001b[22m\n      \u001b[2mat Object.<anonymous> (\u001b[22msrc/server/repos/productRepo.ts\u001b[2m:12:28)\u001b[22m\n      \u001b[2mat Object.<anonymous> (\u001b[22msrc/server/actions/cannmenus.ts\u001b[2m:20:22)\u001b[22m\n      \u001b[2mat Object.<anonymous> (\u001b[22msrc/app/dashboard/ceo/actions.ts\u001b[2m:123:20)\u001b[22m\n      \u001b[2mat Object.<anonymous> (\u001b[22m\u001b[0m\u001b[36mtests/actions/delete-seo-page.test.ts\u001b[39m\u001b[0m\u001b[2m:16:18)\u001b[22m\n","name":"C:\\Users\\marte\\Baked for Brands\\bakedbot-for-brands\\tests\\actions\\delete-seo-page.test.ts","startTime":1766105813210,"status":"failed","summary":""}],"wasInterrupted":false}
