src/app/dashboard/simulation/[runId]/page.tsx(108,34): error TS7006: Parameter 'v' implicitly has an 'any' type.
src/app/dashboard/simulation/[runId]/page.tsx(116,34): error TS7006: Parameter 'v' implicitly has an 'any' type.
src/app/dashboard/simulation/[runId]/page.tsx(124,34): error TS7006: Parameter 'v' implicitly has an 'any' type.
