
> nextn@0.1.0 check:types
> node --max-old-space-size=4096 ./node_modules/typescript/bin/tsc --noEmit

src/app/dashboard/ceo/components/agent-debug-panel.tsx(194,21): error TS2322: Type 'unknown' is not assignable to type 'ReactNode'.
src/app/dashboard/intelligence/actions/demo-setup.ts(5,49): error TS2307: Cannot find module '@/server/agents/ezal-team/url-filter' or its corresponding type declarations.
src/components/inbox/inbox-conversation.tsx(48,7): error TS2739: Type '{ smokey: { name: string; avatar: string; }; money_mike: { name: string; avatar: string; }; craig: { name: string; avatar: string; }; ezal: { name: string; avatar: string; }; deebo: { name: string; avatar: string; }; ... 6 more ...; auto: { ...; }; }' is missing the following properties from type 'Record<InboxAgentPersona, { name: string; avatar: string; }>': mrs_parker, roach, big_worm, mike
src/components/inbox/inbox-sidebar.tsx(204,11): error TS2740: Type '{ all: string; general: string; carousel: string; bundle: string; creative: string; campaign: string; retail_partner: string; launch: string; performance: string; outreach: string; inventory_promo: string; ... 10 more ...; experiment: string; }' is missing the following properties from type 'Record<"all" | InboxThreadType, string>': deep_research, code_review, daily_standup, sprint_planning, and 20 more.
src/config/default-playbooks.ts(2615,5): error TS2322: Type '"customer_success"' is not assignable to type 'PlaybookCategory | undefined'.
src/config/default-playbooks.ts(2720,5): error TS2322: Type '"customer_success"' is not assignable to type 'PlaybookCategory | undefined'.
src/server/actions/inbox.ts(785,15): error TS2739: Type '{ smokey: string; money_mike: string; craig: string; ezal: string; deebo: string; pops: string; day_day: string; leo: string; jack: string; linus: string; glenda: string; auto: string; }' is missing the following properties from type 'Record<InboxAgentPersona, string>': mrs_parker, roach, big_worm, mike
src/server/actions/inbox.ts(892,11): error TS2740: Type '{ carousel: string; bundle: string; creative: string; campaign: string; retail_partner: string; launch: string; performance: string; outreach: string; inventory_promo: string; event: string; general: string; ... 9 more ...; experiment: string; }' is missing the following properties from type 'Record<InboxThreadType, string>': deep_research, code_review, daily_standup, sprint_planning, and 20 more.
src/server/agents/ezal-team/finder-agent.ts(17,50): error TS2307: Cannot find module './url-filter' or its corresponding type declarations.
src/server/agents/ezal-team/finder-agent.ts(211,44): error TS7006: Parameter 'b' implicitly has an 'any' type.
src/server/agents/ezal-team/finder-agent.ts(217,66): error TS7006: Parameter 'filtered' implicitly has an 'any' type.
src/server/agents/ezal-team/index.ts(31,8): error TS2307: Cannot find module './url-filter' or its corresponding type declarations.
src/server/agents/ezal-team/index.ts(32,75): error TS2307: Cannot find module './url-filter' or its corresponding type declarations.
